2019-05-16 01:45:07,560 [Worker-1] INFO  c.g.t.t.d.PublishedGradleVersions - Gradle version information cache is up-to-date. Trying to read.
2019-05-16 01:46:48,980 [Worker-11] INFO  o.e.m.c.i.p.ProjectConfigurationManager - Collecting project info '/pom.xml' C:\Users\it17039000\Documents\PAF\springBootREST\pom.xml
2019-05-16 01:46:50,091 [Worker-11] INFO  o.e.m.c.i.l.LifecycleMappingFactory - Using org.maven.ide.eclipse.wtp.WarLifecycleMapping lifecycle mapping for MavenProject: com.emal:springBootREST:0.0.1-SNAPSHOT @ C:\Users\it17039000\Documents\PAF\springBootREST\pom.xml.
2019-05-16 01:46:50,961 [Worker-11] INFO  o.e.m.j.i.AbstractJavaProjectConfigurator - Adding source folder /springBootREST/src/main/java
2019-05-16 01:46:50,961 [Worker-11] INFO  o.e.m.j.i.AbstractJavaProjectConfigurator - Adding resource folder /springBootREST/src/main/resources
2019-05-16 01:46:50,962 [Worker-11] INFO  o.e.m.j.i.AbstractJavaProjectConfigurator - Adding source folder /springBootREST/src/test/java
2019-05-16 01:46:53,901 [Worker-11] INFO  o.e.m.c.i.p.ProjectConfigurationManager - Imported and configured 1 project(s) in 4 sec
2019-05-16 01:46:54,529 [Worker-10] WARN  o.e.m.c.i.embedder.EclipseLogger - Using platform encoding (Cp1252 actually) to copy filtered resources, i.e. build is platform dependent!
2019-05-16 01:46:54,538 [Worker-10] INFO  o.e.m.c.i.embedder.EclipseLogger - Copying 0 resource
2019-05-16 01:46:54,541 [Worker-10] WARN  o.e.m.c.i.embedder.EclipseLogger - Using platform encoding (Cp1252 actually) to copy filtered resources, i.e. build is platform dependent!
2019-05-16 01:46:54,542 [Worker-10] INFO  o.e.m.c.i.embedder.EclipseLogger - skip non existing resourceDirectory C:\Users\it17039000\Documents\PAF\springBootREST\src\test\resources
2019-05-16 01:48:38,624 [Worker-17] INFO  o.e.m.c.i.l.LifecycleMappingFactory - Using org.maven.ide.eclipse.wtp.WarLifecycleMapping lifecycle mapping for MavenProject: com.emal:springBootREST:0.0.1-SNAPSHOT @ C:\Users\it17039000\Documents\PAF\springBootREST\pom.xml.
2019-05-16 01:48:41,539 [Worker-17] INFO  o.e.m.c.i.embedder.EclipseLogger - Using 'UTF-8' encoding to copy filtered resources.
2019-05-16 01:48:41,541 [Worker-17] INFO  o.e.m.c.i.embedder.EclipseLogger - Copying 0 resource
2019-05-16 01:48:41,542 [Worker-17] INFO  o.e.m.c.i.embedder.EclipseLogger - Copying 0 resource
2019-05-16 01:48:41,544 [Worker-17] INFO  o.e.m.c.i.embedder.EclipseLogger - Using 'UTF-8' encoding to copy filtered resources.
2019-05-16 01:48:41,545 [Worker-17] INFO  o.e.m.c.i.embedder.EclipseLogger - skip non existing resourceDirectory C:\Users\it17039000\Documents\PAF\springBootREST\src\test\resources
2019-05-16 01:48:41,545 [Worker-17] INFO  o.e.m.w.i.f.ResourceFilteringBuildParticipant - Changed resources require a complete clean of filtered resources of springBootREST
2019-05-16 01:48:41,547 [Worker-17] INFO  o.e.m.w.i.f.ResourceFilteringBuildParticipant - Executing resource filtering for springBootREST
2019-05-16 01:48:41,552 [Worker-17] INFO  o.e.m.c.i.embedder.EclipseLogger - Using 'UTF-8' encoding to copy filtered resources.
2019-05-16 01:48:43,298 [Worker-12] INFO  o.e.m.c.i.embedder.EclipseLogger - Using 'UTF-8' encoding to copy filtered resources.
2019-05-16 01:48:43,299 [Worker-12] INFO  o.e.m.c.i.embedder.EclipseLogger - Copying 0 resource
2019-05-16 01:48:43,299 [Worker-12] INFO  o.e.m.c.i.embedder.EclipseLogger - Copying 0 resource
2019-05-16 01:48:43,301 [Worker-12] INFO  o.e.m.c.i.embedder.EclipseLogger - Using 'UTF-8' encoding to copy filtered resources.
2019-05-16 01:48:43,302 [Worker-12] INFO  o.e.m.c.i.embedder.EclipseLogger - skip non existing resourceDirectory C:\Users\it17039000\Documents\PAF\springBootREST\src\test\resources
2019-05-16 01:52:10,839 [Worker-18] INFO  o.e.m.c.i.embedder.EclipseLogger - Using 'UTF-8' encoding to copy filtered resources.
2019-05-16 01:52:10,841 [Worker-18] INFO  o.e.m.c.i.embedder.EclipseLogger - Copying 1 resource
2019-05-16 01:52:10,855 [Worker-18] INFO  o.e.m.c.i.embedder.EclipseLogger - Copying 0 resource
2019-05-16 01:52:10,857 [Worker-18] INFO  o.e.m.c.i.embedder.EclipseLogger - Using 'UTF-8' encoding to copy filtered resources.
2019-05-16 01:52:10,858 [Worker-18] INFO  o.e.m.c.i.embedder.EclipseLogger - skip non existing resourceDirectory C:\Users\it17039000\Documents\PAF\springBootREST\src\test\resources
2019-05-16 01:52:38,967 [Worker-12] INFO  o.e.m.c.i.embedder.EclipseLogger - Using 'UTF-8' encoding to copy filtered resources.
2019-05-16 01:52:38,968 [Worker-12] INFO  o.e.m.c.i.embedder.EclipseLogger - Copying 1 resource
2019-05-16 01:52:38,969 [Worker-12] INFO  o.e.m.c.i.embedder.EclipseLogger - Copying 0 resource
2019-05-16 01:52:38,971 [Worker-12] INFO  o.e.m.c.i.embedder.EclipseLogger - Using 'UTF-8' encoding to copy filtered resources.
2019-05-16 01:52:38,971 [Worker-12] INFO  o.e.m.c.i.embedder.EclipseLogger - skip non existing resourceDirectory C:\Users\it17039000\Documents\PAF\springBootREST\src\test\resources
2019-05-16 01:54:58,007 [main] INFO  o.e.m2e.actions.ExecutePomAction - Creating new launch configuration
2019-05-16 01:55:09,801 [Worker-10] INFO  o.e.m.i.launch.MavenLaunchDelegate - C:\Users\it17039000\Documents\PAF\springBootREST
2019-05-16 01:55:09,802 [Worker-10] INFO  o.e.m.i.launch.MavenLaunchDelegate -  mvn -B clean install
2019-05-16 01:56:31,574 [Worker-18] INFO  o.e.m.c.i.embedder.EclipseLogger - Using 'UTF-8' encoding to copy filtered resources.
2019-05-16 01:56:31,576 [Worker-18] INFO  o.e.m.c.i.embedder.EclipseLogger - Copying 1 resource
2019-05-16 01:56:31,578 [Worker-18] INFO  o.e.m.c.i.embedder.EclipseLogger - Copying 0 resource
2019-05-16 01:56:31,580 [Worker-18] INFO  o.e.m.c.i.embedder.EclipseLogger - Using 'UTF-8' encoding to copy filtered resources.
2019-05-16 01:56:31,580 [Worker-18] INFO  o.e.m.c.i.embedder.EclipseLogger - skip non existing resourceDirectory C:\Users\it17039000\Documents\PAF\springBootREST\src\test\resources
2019-05-16 01:58:34,746 [Worker-18] INFO  o.e.m.c.i.embedder.EclipseLogger - Using 'UTF-8' encoding to copy filtered resources.
2019-05-16 01:58:34,747 [Worker-18] INFO  o.e.m.c.i.embedder.EclipseLogger - Copying 1 resource
2019-05-16 01:58:34,748 [Worker-18] INFO  o.e.m.c.i.embedder.EclipseLogger - Copying 0 resource
2019-05-16 01:58:34,749 [Worker-18] INFO  o.e.m.c.i.embedder.EclipseLogger - Using 'UTF-8' encoding to copy filtered resources.
2019-05-16 01:58:34,750 [Worker-18] INFO  o.e.m.c.i.embedder.EclipseLogger - skip non existing resourceDirectory C:\Users\it17039000\Documents\PAF\springBootREST\src\test\resources
2019-05-16 01:58:35,795 [Worker-28] INFO  o.e.m.c.i.embedder.EclipseLogger - Using 'UTF-8' encoding to copy filtered resources.
2019-05-16 01:58:35,795 [Worker-28] INFO  o.e.m.c.i.embedder.EclipseLogger - Copying 0 resource
2019-05-16 01:58:35,795 [Worker-28] INFO  o.e.m.c.i.embedder.EclipseLogger - Copying 0 resource
2019-05-16 01:58:35,796 [Worker-28] INFO  o.e.m.c.i.embedder.EclipseLogger - Using 'UTF-8' encoding to copy filtered resources.
2019-05-16 01:58:35,796 [Worker-28] INFO  o.e.m.c.i.embedder.EclipseLogger - skip non existing resourceDirectory C:\Users\it17039000\Documents\PAF\springBootREST\src\test\resources
2019-05-16 02:28:42,641 [main] INFO  o.e.m2e.actions.ExecutePomAction - Using existing launch configuration
2019-05-16 02:28:44,300 [Worker-36] INFO  o.e.m.i.launch.MavenLaunchDelegate - C:\Users\it17039000\Documents\PAF\springBootREST
2019-05-16 02:28:44,300 [Worker-36] INFO  o.e.m.i.launch.MavenLaunchDelegate -  mvn -B clean install
2019-05-16 02:28:44,566 [Worker-36] INFO  o.e.m.c.i.embedder.EclipseLogger - Using 'UTF-8' encoding to copy filtered resources.
2019-05-16 02:28:44,566 [Worker-36] INFO  o.e.m.c.i.embedder.EclipseLogger - Copying 1 resource
2019-05-16 02:28:44,568 [Worker-36] INFO  o.e.m.c.i.embedder.EclipseLogger - Copying 0 resource
2019-05-16 02:28:44,570 [Worker-36] INFO  o.e.m.c.i.embedder.EclipseLogger - Using 'UTF-8' encoding to copy filtered resources.
2019-05-16 02:28:44,570 [Worker-36] INFO  o.e.m.c.i.embedder.EclipseLogger - skip non existing resourceDirectory C:\Users\it17039000\Documents\PAF\springBootREST\src\test\resources
2019-05-16 02:35:17,254 [Worker-44] INFO  o.e.m.c.i.embedder.EclipseLogger - Using 'UTF-8' encoding to copy filtered resources.
2019-05-16 02:35:17,254 [Worker-44] INFO  o.e.m.c.i.embedder.EclipseLogger - Copying 0 resource
2019-05-16 02:35:17,254 [Worker-44] INFO  o.e.m.c.i.embedder.EclipseLogger - Copying 0 resource
2019-05-16 02:35:17,255 [Worker-44] INFO  o.e.m.c.i.embedder.EclipseLogger - Using 'UTF-8' encoding to copy filtered resources.
2019-05-16 02:35:17,256 [Worker-44] INFO  o.e.m.c.i.embedder.EclipseLogger - skip non existing resourceDirectory C:\Users\it17039000\Documents\PAF\springBootREST\src\test\resources
2019-05-16 02:35:40,752 [main] INFO  o.e.m2e.actions.ExecutePomAction - Using existing launch configuration
2019-05-16 02:35:40,804 [Worker-36] INFO  o.e.m.i.launch.MavenLaunchDelegate - C:\Users\it17039000\Documents\PAF\springBootREST
2019-05-16 02:35:40,804 [Worker-36] INFO  o.e.m.i.launch.MavenLaunchDelegate -  mvn -B clean install
2019-05-16 02:37:28,680 [Worker-36] INFO  o.e.m.c.i.embedder.EclipseLogger - Using 'UTF-8' encoding to copy filtered resources.
2019-05-16 02:37:28,681 [Worker-36] INFO  o.e.m.c.i.embedder.EclipseLogger - Copying 1 resource
2019-05-16 02:37:28,683 [Worker-36] INFO  o.e.m.c.i.embedder.EclipseLogger - Copying 0 resource
2019-05-16 02:37:28,687 [Worker-36] INFO  o.e.m.c.i.embedder.EclipseLogger - Using 'UTF-8' encoding to copy filtered resources.
2019-05-16 02:37:28,688 [Worker-36] INFO  o.e.m.c.i.embedder.EclipseLogger - skip non existing resourceDirectory C:\Users\it17039000\Documents\PAF\springBootREST\src\test\resources
2019-05-16 02:57:44,365 [Worker-52] INFO  o.e.m.c.i.embedder.EclipseLogger - Using 'UTF-8' encoding to copy filtered resources.
2019-05-16 02:57:44,366 [Worker-52] INFO  o.e.m.c.i.embedder.EclipseLogger - Copying 1 resource
2019-05-16 02:57:44,367 [Worker-52] INFO  o.e.m.c.i.embedder.EclipseLogger - Copying 0 resource
2019-05-16 02:57:44,368 [Worker-52] INFO  o.e.m.c.i.embedder.EclipseLogger - Using 'UTF-8' encoding to copy filtered resources.
2019-05-16 02:57:44,369 [Worker-52] INFO  o.e.m.c.i.embedder.EclipseLogger - skip non existing resourceDirectory C:\Users\it17039000\Documents\PAF\springBootREST\src\test\resources
2019-05-16 02:57:45,387 [Worker-56] INFO  o.e.m.c.i.embedder.EclipseLogger - Using 'UTF-8' encoding to copy filtered resources.
2019-05-16 02:57:45,388 [Worker-56] INFO  o.e.m.c.i.embedder.EclipseLogger - Copying 1 resource
2019-05-16 02:57:45,389 [Worker-56] INFO  o.e.m.c.i.embedder.EclipseLogger - Copying 0 resource
2019-05-16 02:57:45,390 [Worker-56] INFO  o.e.m.c.i.embedder.EclipseLogger - Using 'UTF-8' encoding to copy filtered resources.
2019-05-16 02:57:45,390 [Worker-56] INFO  o.e.m.c.i.embedder.EclipseLogger - skip non existing resourceDirectory C:\Users\it17039000\Documents\PAF\springBootREST\src\test\resources
2019-05-16 02:59:01,482 [Worker-52] INFO  o.e.m.c.i.embedder.EclipseLogger - Using 'UTF-8' encoding to copy filtered resources.
2019-05-16 02:59:01,483 [Worker-52] INFO  o.e.m.c.i.embedder.EclipseLogger - Copying 1 resource
2019-05-16 02:59:01,484 [Worker-52] INFO  o.e.m.c.i.embedder.EclipseLogger - Copying 0 resource
2019-05-16 02:59:01,487 [Worker-52] INFO  o.e.m.c.i.embedder.EclipseLogger - Using 'UTF-8' encoding to copy filtered resources.
2019-05-16 02:59:01,487 [Worker-52] INFO  o.e.m.c.i.embedder.EclipseLogger - skip non existing resourceDirectory C:\Users\it17039000\Documents\PAF\springBootREST\src\test\resources
2019-05-16 03:10:18,061 [Worker-59] INFO  o.e.m.c.i.embedder.EclipseLogger - Using 'UTF-8' encoding to copy filtered resources.
2019-05-16 03:10:18,062 [Worker-59] INFO  o.e.m.c.i.embedder.EclipseLogger - Copying 1 resource
2019-05-16 03:10:18,063 [Worker-59] INFO  o.e.m.c.i.embedder.EclipseLogger - Copying 0 resource
2019-05-16 03:10:18,064 [Worker-59] INFO  o.e.m.c.i.embedder.EclipseLogger - Using 'UTF-8' encoding to copy filtered resources.
2019-05-16 03:10:18,065 [Worker-59] INFO  o.e.m.c.i.embedder.EclipseLogger - skip non existing resourceDirectory C:\Users\it17039000\Documents\PAF\springBootREST\src\test\resources
2019-05-16 03:10:26,807 [main] INFO  o.e.m2e.actions.ExecutePomAction - Using existing launch configuration
2019-05-16 03:10:26,856 [Worker-52] INFO  o.e.m.i.launch.MavenLaunchDelegate - C:\Users\it17039000\Documents\PAF\springBootREST
2019-05-16 03:10:26,856 [Worker-52] INFO  o.e.m.i.launch.MavenLaunchDelegate -  mvn -B clean install
2019-05-16 03:11:57,056 [Worker-56] INFO  o.e.m.c.i.embedder.EclipseLogger - Using 'UTF-8' encoding to copy filtered resources.
2019-05-16 03:11:57,057 [Worker-56] INFO  o.e.m.c.i.embedder.EclipseLogger - Copying 1 resource
2019-05-16 03:11:57,059 [Worker-56] INFO  o.e.m.c.i.embedder.EclipseLogger - Copying 0 resource
2019-05-16 03:11:57,061 [Worker-56] INFO  o.e.m.c.i.embedder.EclipseLogger - Using 'UTF-8' encoding to copy filtered resources.
2019-05-16 03:11:57,061 [Worker-56] INFO  o.e.m.c.i.embedder.EclipseLogger - skip non existing resourceDirectory C:\Users\it17039000\Documents\PAF\springBootREST\src\test\resources
2019-05-16 03:20:54,199 [Worker-61] INFO  o.e.m.c.i.embedder.EclipseLogger - Using 'UTF-8' encoding to copy filtered resources.
2019-05-16 03:20:54,200 [Worker-61] INFO  o.e.m.c.i.embedder.EclipseLogger - Copying 1 resource
2019-05-16 03:20:54,201 [Worker-61] INFO  o.e.m.c.i.embedder.EclipseLogger - Copying 0 resource
2019-05-16 03:20:54,203 [Worker-61] INFO  o.e.m.c.i.embedder.EclipseLogger - Using 'UTF-8' encoding to copy filtered resources.
2019-05-16 03:20:54,203 [Worker-61] INFO  o.e.m.c.i.embedder.EclipseLogger - skip non existing resourceDirectory C:\Users\it17039000\Documents\PAF\springBootREST\src\test\resources
2019-05-16 03:20:55,220 [Worker-63] INFO  o.e.m.c.i.embedder.EclipseLogger - Using 'UTF-8' encoding to copy filtered resources.
2019-05-16 03:20:55,221 [Worker-63] INFO  o.e.m.c.i.embedder.EclipseLogger - Copying 1 resource
2019-05-16 03:20:55,223 [Worker-63] INFO  o.e.m.c.i.embedder.EclipseLogger - Copying 0 resource
2019-05-16 03:20:55,224 [Worker-63] INFO  o.e.m.c.i.embedder.EclipseLogger - Using 'UTF-8' encoding to copy filtered resources.
2019-05-16 03:20:55,224 [Worker-63] INFO  o.e.m.c.i.embedder.EclipseLogger - skip non existing resourceDirectory C:\Users\it17039000\Documents\PAF\springBootREST\src\test\resources
2019-05-16 03:24:17,677 [Worker-61] INFO  o.e.m.c.i.embedder.EclipseLogger - Using 'UTF-8' encoding to copy filtered resources.
2019-05-16 03:24:17,678 [Worker-61] INFO  o.e.m.c.i.embedder.EclipseLogger - Copying 1 resource
2019-05-16 03:24:17,679 [Worker-61] INFO  o.e.m.c.i.embedder.EclipseLogger - Copying 0 resource
2019-05-16 03:24:17,680 [Worker-61] INFO  o.e.m.c.i.embedder.EclipseLogger - Using 'UTF-8' encoding to copy filtered resources.
2019-05-16 03:24:17,680 [Worker-61] INFO  o.e.m.c.i.embedder.EclipseLogger - skip non existing resourceDirectory C:\Users\it17039000\Documents\PAF\springBootREST\src\test\resources
2019-05-16 03:41:54,353 [Worker-52] INFO  o.e.m.c.i.embedder.EclipseLogger - Using 'UTF-8' encoding to copy filtered resources.
2019-05-16 03:41:54,354 [Worker-52] INFO  o.e.m.c.i.embedder.EclipseLogger - Copying 1 resource
2019-05-16 03:41:54,355 [Worker-52] INFO  o.e.m.c.i.embedder.EclipseLogger - Copying 0 resource
2019-05-16 03:41:54,356 [Worker-52] INFO  o.e.m.c.i.embedder.EclipseLogger - Using 'UTF-8' encoding to copy filtered resources.
2019-05-16 03:41:54,356 [Worker-52] INFO  o.e.m.c.i.embedder.EclipseLogger - skip non existing resourceDirectory C:\Users\it17039000\Documents\PAF\springBootREST\src\test\resources
2019-05-16 03:48:43,966 [Worker-52] INFO  o.e.m.c.i.embedder.EclipseLogger - Using 'UTF-8' encoding to copy filtered resources.
2019-05-16 03:48:43,966 [Worker-52] INFO  o.e.m.c.i.embedder.EclipseLogger - Copying 1 resource
2019-05-16 03:48:43,967 [Worker-52] INFO  o.e.m.c.i.embedder.EclipseLogger - Copying 0 resource
2019-05-16 03:48:43,969 [Worker-52] INFO  o.e.m.c.i.embedder.EclipseLogger - Using 'UTF-8' encoding to copy filtered resources.
2019-05-16 03:48:43,969 [Worker-52] INFO  o.e.m.c.i.embedder.EclipseLogger - skip non existing resourceDirectory C:\Users\it17039000\Documents\PAF\springBootREST\src\test\resources
2019-05-16 03:50:25,128 [Worker-66] INFO  o.e.m.c.i.embedder.EclipseLogger - Using 'UTF-8' encoding to copy filtered resources.
2019-05-16 03:50:25,129 [Worker-66] INFO  o.e.m.c.i.embedder.EclipseLogger - Copying 1 resource
2019-05-16 03:50:25,130 [Worker-66] INFO  o.e.m.c.i.embedder.EclipseLogger - Copying 0 resource
2019-05-16 03:50:25,131 [Worker-66] INFO  o.e.m.c.i.embedder.EclipseLogger - Using 'UTF-8' encoding to copy filtered resources.
2019-05-16 03:50:25,131 [Worker-66] INFO  o.e.m.c.i.embedder.EclipseLogger - skip non existing resourceDirectory C:\Users\it17039000\Documents\PAF\springBootREST\src\test\resources
2019-05-16 03:57:35,005 [Worker-65] INFO  o.e.m.c.i.embedder.EclipseLogger - Using 'UTF-8' encoding to copy filtered resources.
2019-05-16 03:57:35,006 [Worker-65] INFO  o.e.m.c.i.embedder.EclipseLogger - Copying 1 resource
2019-05-16 03:57:35,007 [Worker-65] INFO  o.e.m.c.i.embedder.EclipseLogger - Copying 0 resource
2019-05-16 03:57:35,008 [Worker-65] INFO  o.e.m.c.i.embedder.EclipseLogger - Using 'UTF-8' encoding to copy filtered resources.
2019-05-16 03:57:35,009 [Worker-65] INFO  o.e.m.c.i.embedder.EclipseLogger - skip non existing resourceDirectory C:\Users\it17039000\Documents\PAF\springBootREST\src\test\resources
2019-05-16 04:00:18,561 [Worker-72] INFO  o.e.m.c.i.embedder.EclipseLogger - Using 'UTF-8' encoding to copy filtered resources.
2019-05-16 04:00:18,561 [Worker-72] INFO  o.e.m.c.i.embedder.EclipseLogger - Copying 1 resource
2019-05-16 04:00:18,562 [Worker-72] INFO  o.e.m.c.i.embedder.EclipseLogger - Copying 0 resource
2019-05-16 04:00:18,564 [Worker-72] INFO  o.e.m.c.i.embedder.EclipseLogger - Using 'UTF-8' encoding to copy filtered resources.
2019-05-16 04:00:18,564 [Worker-72] INFO  o.e.m.c.i.embedder.EclipseLogger - skip non existing resourceDirectory C:\Users\it17039000\Documents\PAF\springBootREST\src\test\resources
2019-05-16 04:00:36,679 [main] INFO  o.e.m2e.actions.ExecutePomAction - Using existing launch configuration
2019-05-16 04:00:36,730 [Worker-65] INFO  o.e.m.i.launch.MavenLaunchDelegate - C:\Users\it17039000\Documents\PAF\springBootREST
2019-05-16 04:00:36,730 [Worker-65] INFO  o.e.m.i.launch.MavenLaunchDelegate -  mvn -B clean install
2019-05-16 04:02:44,222 [Worker-73] INFO  o.e.m.c.i.embedder.EclipseLogger - Using 'UTF-8' encoding to copy filtered resources.
2019-05-16 04:02:44,223 [Worker-73] INFO  o.e.m.c.i.embedder.EclipseLogger - Copying 1 resource
2019-05-16 04:02:44,224 [Worker-73] INFO  o.e.m.c.i.embedder.EclipseLogger - Copying 0 resource
2019-05-16 04:02:44,227 [Worker-73] INFO  o.e.m.c.i.embedder.EclipseLogger - Using 'UTF-8' encoding to copy filtered resources.
2019-05-16 04:02:44,227 [Worker-73] INFO  o.e.m.c.i.embedder.EclipseLogger - skip non existing resourceDirectory C:\Users\it17039000\Documents\PAF\springBootREST\src\test\resources
2019-05-16 04:07:29,339 [Worker-72] INFO  o.e.m.c.i.embedder.EclipseLogger - Using 'UTF-8' encoding to copy filtered resources.
2019-05-16 04:07:29,340 [Worker-72] INFO  o.e.m.c.i.embedder.EclipseLogger - Copying 1 resource
2019-05-16 04:07:29,341 [Worker-72] INFO  o.e.m.c.i.embedder.EclipseLogger - Copying 0 resource
2019-05-16 04:07:29,342 [Worker-72] INFO  o.e.m.c.i.embedder.EclipseLogger - Using 'UTF-8' encoding to copy filtered resources.
2019-05-16 04:07:29,342 [Worker-72] INFO  o.e.m.c.i.embedder.EclipseLogger - skip non existing resourceDirectory C:\Users\it17039000\Documents\PAF\springBootREST\src\test\resources
2019-05-16 04:07:36,236 [main] INFO  o.e.m2e.actions.ExecutePomAction - Using existing launch configuration
2019-05-16 04:07:36,296 [Worker-72] INFO  o.e.m.i.launch.MavenLaunchDelegate - C:\Users\it17039000\Documents\PAF\springBootREST
2019-05-16 04:07:36,296 [Worker-72] INFO  o.e.m.i.launch.MavenLaunchDelegate -  mvn -B clean install
2019-05-16 04:10:47,336 [Worker-81] INFO  o.e.m.c.i.embedder.EclipseLogger - Using 'UTF-8' encoding to copy filtered resources.
2019-05-16 04:10:47,336 [Worker-81] INFO  o.e.m.c.i.embedder.EclipseLogger - Copying 0 resource
2019-05-16 04:10:47,336 [Worker-81] INFO  o.e.m.c.i.embedder.EclipseLogger - Copying 0 resource
2019-05-16 04:10:47,337 [Worker-81] INFO  o.e.m.c.i.embedder.EclipseLogger - Using 'UTF-8' encoding to copy filtered resources.
2019-05-16 04:10:47,337 [Worker-81] INFO  o.e.m.c.i.embedder.EclipseLogger - skip non existing resourceDirectory C:\Users\it17039000\Documents\PAF\springBootREST\src\test\resources
2019-05-16 04:19:31,582 [Worker-93] INFO  o.e.m.c.i.embedder.EclipseLogger - Using 'UTF-8' encoding to copy filtered resources.
2019-05-16 04:19:31,583 [Worker-93] INFO  o.e.m.c.i.embedder.EclipseLogger - Copying 1 resource
2019-05-16 04:19:31,583 [Worker-93] INFO  o.e.m.c.i.embedder.EclipseLogger - Copying 0 resource
2019-05-16 04:19:31,585 [Worker-93] INFO  o.e.m.c.i.embedder.EclipseLogger - Using 'UTF-8' encoding to copy filtered resources.
2019-05-16 04:19:31,585 [Worker-93] INFO  o.e.m.c.i.embedder.EclipseLogger - skip non existing resourceDirectory C:\Users\it17039000\Documents\PAF\springBootREST\src\test\resources
2019-05-16 04:19:52,963 [main] INFO  o.e.m2e.actions.ExecutePomAction - Using existing launch configuration
2019-05-16 04:19:53,019 [Worker-80] INFO  o.e.m.i.launch.MavenLaunchDelegate - C:\Users\it17039000\Documents\PAF\springBootREST
2019-05-16 04:19:53,019 [Worker-80] INFO  o.e.m.i.launch.MavenLaunchDelegate -  mvn -B clean install
2019-05-16 04:22:40,366 [main] INFO  o.e.m2e.actions.ExecutePomAction - Using existing launch configuration
2019-05-16 04:22:40,423 [Worker-97] INFO  o.e.m.i.launch.MavenLaunchDelegate - C:\Users\it17039000\Documents\PAF\springBootREST
2019-05-16 04:22:40,424 [Worker-97] INFO  o.e.m.i.launch.MavenLaunchDelegate -  mvn -B clean install
2019-05-16 04:45:07,164 [main] INFO  o.e.m2e.actions.ExecutePomAction - Using existing launch configuration
2019-05-16 04:45:07,285 [Worker-99] INFO  o.e.m.i.launch.MavenLaunchDelegate - C:\Users\it17039000\Documents\PAF\springBootREST
2019-05-16 04:45:07,285 [Worker-99] INFO  o.e.m.i.launch.MavenLaunchDelegate -  mvn -B clean install
2019-05-16 04:48:19,255 [main] INFO  o.e.m2e.actions.ExecutePomAction - Using existing launch configuration
2019-05-16 04:48:19,341 [Worker-108] INFO  o.e.m.i.launch.MavenLaunchDelegate - C:\Users\it17039000\Documents\PAF\springBootREST
2019-05-16 04:48:19,341 [Worker-108] INFO  o.e.m.i.launch.MavenLaunchDelegate -  mvn -B clean install
2019-05-16 04:59:11,525 [main] INFO  o.e.m2e.actions.ExecutePomAction - Using existing launch configuration
2019-05-16 04:59:11,588 [Worker-115] INFO  o.e.m.i.launch.MavenLaunchDelegate - C:\Users\it17039000\Documents\PAF\springBootREST
2019-05-16 04:59:11,588 [Worker-115] INFO  o.e.m.i.launch.MavenLaunchDelegate -  mvn -B clean install
2019-05-16 04:59:35,094 [Worker-108] INFO  o.e.m.c.i.embedder.EclipseLogger - Using 'UTF-8' encoding to copy filtered resources.
2019-05-16 04:59:35,094 [Worker-108] INFO  o.e.m.c.i.embedder.EclipseLogger - Copying 0 resource
2019-05-16 04:59:35,094 [Worker-108] INFO  o.e.m.c.i.embedder.EclipseLogger - Copying 0 resource
2019-05-16 04:59:35,096 [Worker-108] INFO  o.e.m.c.i.embedder.EclipseLogger - Using 'UTF-8' encoding to copy filtered resources.
2019-05-16 04:59:35,096 [Worker-108] INFO  o.e.m.c.i.embedder.EclipseLogger - skip non existing resourceDirectory C:\Users\it17039000\Documents\PAF\springBootREST\src\test\resources
2019-05-16 04:59:36,155 [Worker-98] INFO  o.e.m.c.i.embedder.EclipseLogger - Using 'UTF-8' encoding to copy filtered resources.
2019-05-16 04:59:36,156 [Worker-98] INFO  o.e.m.c.i.embedder.EclipseLogger - Copying 1 resource
2019-05-16 04:59:36,157 [Worker-98] INFO  o.e.m.c.i.embedder.EclipseLogger - Copying 0 resource
2019-05-16 04:59:36,159 [Worker-98] INFO  o.e.m.c.i.embedder.EclipseLogger - Using 'UTF-8' encoding to copy filtered resources.
2019-05-16 04:59:36,159 [Worker-98] INFO  o.e.m.c.i.embedder.EclipseLogger - skip non existing resourceDirectory C:\Users\it17039000\Documents\PAF\springBootREST\src\test\resources
2019-05-16 14:20:53,767 [Worker-3] INFO  c.g.t.t.d.PublishedGradleVersions - Gradle version information cache is up-to-date. Trying to read.
2019-05-16 14:21:13,348 [Worker-12] INFO  o.e.m.c.i.embedder.EclipseLogger - Using 'UTF-8' encoding to copy filtered resources.
2019-05-16 14:21:13,363 [Worker-12] INFO  o.e.m.c.i.embedder.EclipseLogger - Copying 1 resource
2019-05-16 14:21:13,379 [Worker-12] INFO  o.e.m.c.i.embedder.EclipseLogger - Copying 0 resource
2019-05-16 14:21:13,379 [Worker-12] INFO  o.e.m.c.i.embedder.EclipseLogger - Using 'UTF-8' encoding to copy filtered resources.
2019-05-16 14:21:13,379 [Worker-12] INFO  o.e.m.c.i.embedder.EclipseLogger - skip non existing resourceDirectory C:\Users\it17039000\Documents\PAF\springBootREST\src\test\resources
2019-05-16 14:22:37,446 [Worker-4] INFO  o.e.m.c.i.embedder.EclipseLogger - Using 'UTF-8' encoding to copy filtered resources.
2019-05-16 14:22:37,446 [Worker-4] INFO  o.e.m.c.i.embedder.EclipseLogger - Copying 0 resource
2019-05-16 14:22:37,446 [Worker-4] INFO  o.e.m.c.i.embedder.EclipseLogger - Copying 0 resource
2019-05-16 14:22:37,462 [Worker-4] INFO  o.e.m.c.i.embedder.EclipseLogger - Using 'UTF-8' encoding to copy filtered resources.
2019-05-16 14:22:37,462 [Worker-4] INFO  o.e.m.c.i.embedder.EclipseLogger - skip non existing resourceDirectory C:\Users\it17039000\Documents\PAF\springBootREST\src\test\resources
2019-05-16 14:24:11,730 [Worker-18] INFO  o.e.m.c.i.embedder.EclipseLogger - Using 'UTF-8' encoding to copy filtered resources.
2019-05-16 14:24:11,730 [Worker-18] INFO  o.e.m.c.i.embedder.EclipseLogger - Copying 0 resource
2019-05-16 14:24:11,745 [Worker-18] INFO  o.e.m.c.i.embedder.EclipseLogger - Copying 0 resource
2019-05-16 14:24:11,745 [Worker-18] INFO  o.e.m.c.i.embedder.EclipseLogger - Using 'UTF-8' encoding to copy filtered resources.
2019-05-16 14:24:11,745 [Worker-18] INFO  o.e.m.c.i.embedder.EclipseLogger - skip non existing resourceDirectory C:\Users\it17039000\Documents\PAF\springBootREST\src\test\resources
2019-05-16 14:38:41,576 [Worker-23] INFO  o.e.m.c.i.embedder.EclipseLogger - Using 'UTF-8' encoding to copy filtered resources.
2019-05-16 14:38:41,576 [Worker-23] INFO  o.e.m.c.i.embedder.EclipseLogger - Copying 0 resource
2019-05-16 14:38:41,576 [Worker-23] INFO  o.e.m.c.i.embedder.EclipseLogger - Copying 0 resource
2019-05-16 14:38:41,576 [Worker-23] INFO  o.e.m.c.i.embedder.EclipseLogger - Using 'UTF-8' encoding to copy filtered resources.
2019-05-16 14:38:41,576 [Worker-23] INFO  o.e.m.c.i.embedder.EclipseLogger - skip non existing resourceDirectory C:\Users\it17039000\Documents\PAF\springBootREST\src\test\resources
2019-05-16 14:39:26,856 [main] INFO  o.e.m2e.actions.ExecutePomAction - Using existing launch configuration
2019-05-16 14:39:27,200 [Worker-29] INFO  o.e.m.i.launch.MavenLaunchDelegate - C:\Users\it17039000\Documents\PAF\springBootREST
2019-05-16 14:39:27,200 [Worker-29] INFO  o.e.m.i.launch.MavenLaunchDelegate -  mvn -B clean install
2019-05-16 14:44:21,919 [Worker-19] INFO  o.e.m.c.i.embedder.EclipseLogger - Using 'UTF-8' encoding to copy filtered resources.
2019-05-16 14:44:21,919 [Worker-19] INFO  o.e.m.c.i.embedder.EclipseLogger - Copying 0 resource
2019-05-16 14:44:21,919 [Worker-19] INFO  o.e.m.c.i.embedder.EclipseLogger - Copying 0 resource
2019-05-16 14:44:21,919 [Worker-19] INFO  o.e.m.c.i.embedder.EclipseLogger - Using 'UTF-8' encoding to copy filtered resources.
2019-05-16 14:44:21,919 [Worker-19] INFO  o.e.m.c.i.embedder.EclipseLogger - skip non existing resourceDirectory C:\Users\it17039000\Documents\PAF\springBootREST\src\test\resources
2019-05-16 14:45:06,450 [Worker-32] INFO  o.e.m.c.i.embedder.EclipseLogger - Using 'UTF-8' encoding to copy filtered resources.
2019-05-16 14:45:06,450 [Worker-32] INFO  o.e.m.c.i.embedder.EclipseLogger - Copying 0 resource
2019-05-16 14:45:06,450 [Worker-32] INFO  o.e.m.c.i.embedder.EclipseLogger - Copying 0 resource
2019-05-16 14:45:06,466 [Worker-32] INFO  o.e.m.c.i.embedder.EclipseLogger - Using 'UTF-8' encoding to copy filtered resources.
2019-05-16 14:45:06,466 [Worker-32] INFO  o.e.m.c.i.embedder.EclipseLogger - skip non existing resourceDirectory C:\Users\it17039000\Documents\PAF\springBootREST\src\test\resources
2019-05-16 14:45:08,279 [Worker-19] INFO  o.e.m.c.i.embedder.EclipseLogger - Using 'UTF-8' encoding to copy filtered resources.
2019-05-16 14:45:08,279 [Worker-19] INFO  o.e.m.c.i.embedder.EclipseLogger - Copying 1 resource
2019-05-16 14:45:08,279 [Worker-19] INFO  o.e.m.c.i.embedder.EclipseLogger - Copying 0 resource
2019-05-16 14:45:08,279 [Worker-19] INFO  o.e.m.c.i.embedder.EclipseLogger - Using 'UTF-8' encoding to copy filtered resources.
2019-05-16 14:45:08,279 [Worker-19] INFO  o.e.m.c.i.embedder.EclipseLogger - skip non existing resourceDirectory C:\Users\it17039000\Documents\PAF\springBootREST\src\test\resources
2019-05-16 14:45:08,279 [Worker-19] INFO  o.e.m.w.i.f.ResourceFilteringBuildParticipant - Changed resources require a complete clean of filtered resources of springBootREST
2019-05-16 14:45:08,279 [Worker-19] INFO  o.e.m.w.i.f.ResourceFilteringBuildParticipant - Executing resource filtering for springBootREST
2019-05-16 14:45:08,638 [Worker-19] INFO  o.e.m.c.i.embedder.EclipseLogger - Using 'UTF-8' encoding to copy filtered resources.
2019-05-16 14:46:54,403 [Worker-6] INFO  o.e.m.c.i.embedder.EclipseLogger - Using 'UTF-8' encoding to copy filtered resources.
2019-05-16 14:46:54,403 [Worker-6] INFO  o.e.m.c.i.embedder.EclipseLogger - Copying 0 resource
2019-05-16 14:46:54,403 [Worker-6] INFO  o.e.m.c.i.embedder.EclipseLogger - Copying 0 resource
2019-05-16 14:46:54,403 [Worker-6] INFO  o.e.m.c.i.embedder.EclipseLogger - Using 'UTF-8' encoding to copy filtered resources.
2019-05-16 14:46:54,403 [Worker-6] INFO  o.e.m.c.i.embedder.EclipseLogger - skip non existing resourceDirectory C:\Users\it17039000\Documents\PAF\springBootREST\src\test\resources
2019-05-16 22:25:16,322 [Worker-1] INFO  c.g.t.t.d.PublishedGradleVersions - Gradle version information cache is out-of-date. Trying to update.
2019-05-16 22:25:34,827 [Worker-9] INFO  o.e.m.c.i.embedder.EclipseLogger - Using 'UTF-8' encoding to copy filtered resources.
2019-05-16 22:25:34,832 [Worker-9] INFO  o.e.m.c.i.embedder.EclipseLogger - Copying 1 resource
2019-05-16 22:25:34,842 [Worker-9] INFO  o.e.m.c.i.embedder.EclipseLogger - Copying 0 resource
2019-05-16 22:25:34,845 [Worker-9] INFO  o.e.m.c.i.embedder.EclipseLogger - Using 'UTF-8' encoding to copy filtered resources.
2019-05-16 22:25:34,845 [Worker-9] INFO  o.e.m.c.i.embedder.EclipseLogger - skip non existing resourceDirectory C:\Users\it17039000\Documents\PAF\springBootREST\src\test\resources
2019-05-17 00:21:25,834 [main] INFO  o.e.m2e.actions.ExecutePomAction - Using existing launch configuration
2019-05-17 00:21:26,694 [Worker-47] INFO  o.e.m.i.launch.MavenLaunchDelegate - C:\Users\it17039000\Documents\PAF\springBootREST
2019-05-17 00:21:26,697 [Worker-47] INFO  o.e.m.i.launch.MavenLaunchDelegate -  mvn -B clean install
2019-05-17 00:22:23,471 [Worker-50] INFO  o.e.m.c.i.embedder.EclipseLogger - Using 'UTF-8' encoding to copy filtered resources.
2019-05-17 00:22:23,474 [Worker-50] INFO  o.e.m.c.i.embedder.EclipseLogger - Copying 0 resource
2019-05-17 00:22:23,475 [Worker-50] INFO  o.e.m.c.i.embedder.EclipseLogger - Copying 0 resource
2019-05-17 00:22:23,478 [Worker-50] INFO  o.e.m.c.i.embedder.EclipseLogger - Using 'UTF-8' encoding to copy filtered resources.
2019-05-17 00:22:23,478 [Worker-50] INFO  o.e.m.c.i.embedder.EclipseLogger - skip non existing resourceDirectory C:\Users\it17039000\Documents\PAF\springBootREST\src\test\resources
2019-05-17 00:22:28,746 [Worker-50] INFO  o.e.m.c.i.embedder.EclipseLogger - Using 'UTF-8' encoding to copy filtered resources.
2019-05-17 00:22:28,750 [Worker-50] INFO  o.e.m.c.i.embedder.EclipseLogger - Copying 1 resource
2019-05-17 00:22:28,752 [Worker-50] INFO  o.e.m.c.i.embedder.EclipseLogger - Copying 0 resource
2019-05-17 00:22:28,754 [Worker-50] INFO  o.e.m.c.i.embedder.EclipseLogger - Using 'UTF-8' encoding to copy filtered resources.
2019-05-17 00:22:28,755 [Worker-50] INFO  o.e.m.c.i.embedder.EclipseLogger - skip non existing resourceDirectory C:\Users\it17039000\Documents\PAF\springBootREST\src\test\resources
2019-05-17 00:31:06,350 [Worker-51] INFO  o.e.m.c.i.embedder.EclipseLogger - Using 'UTF-8' encoding to copy filtered resources.
2019-05-17 00:31:06,352 [Worker-51] INFO  o.e.m.c.i.embedder.EclipseLogger - Copying 1 resource
2019-05-17 00:31:06,355 [Worker-51] INFO  o.e.m.c.i.embedder.EclipseLogger - Copying 0 resource
2019-05-17 00:31:06,359 [Worker-51] INFO  o.e.m.c.i.embedder.EclipseLogger - Using 'UTF-8' encoding to copy filtered resources.
2019-05-17 00:31:06,359 [Worker-51] INFO  o.e.m.c.i.embedder.EclipseLogger - skip non existing resourceDirectory C:\Users\it17039000\Documents\PAF\springBootREST\src\test\resources
2019-05-17 00:33:43,885 [main] INFO  o.e.m2e.actions.ExecutePomAction - Using existing launch configuration
2019-05-17 00:33:44,026 [Worker-55] INFO  o.e.m.i.launch.MavenLaunchDelegate - C:\Users\it17039000\Documents\PAF\springBootREST
2019-05-17 00:33:44,026 [Worker-55] INFO  o.e.m.i.launch.MavenLaunchDelegate -  mvn -B clean install
2019-05-17 00:35:47,075 [main] INFO  o.e.m2e.actions.ExecutePomAction - Using existing launch configuration
2019-05-17 00:35:47,224 [Worker-60] INFO  o.e.m.i.launch.MavenLaunchDelegate - C:\Users\it17039000\Documents\PAF\springBootREST
2019-05-17 00:35:47,224 [Worker-60] INFO  o.e.m.i.launch.MavenLaunchDelegate -  mvn -B clean install
2019-05-17 00:36:14,440 [Worker-55] INFO  o.e.m.c.i.embedder.EclipseLogger - Using 'UTF-8' encoding to copy filtered resources.
2019-05-17 00:36:14,440 [Worker-55] INFO  o.e.m.c.i.embedder.EclipseLogger - Copying 1 resource
2019-05-17 00:36:14,443 [Worker-55] INFO  o.e.m.c.i.embedder.EclipseLogger - Copying 0 resource
2019-05-17 00:36:14,445 [Worker-55] INFO  o.e.m.c.i.embedder.EclipseLogger - Using 'UTF-8' encoding to copy filtered resources.
2019-05-17 00:36:14,445 [Worker-55] INFO  o.e.m.c.i.embedder.EclipseLogger - skip non existing resourceDirectory C:\Users\it17039000\Documents\PAF\springBootREST\src\test\resources
2019-05-17 00:36:32,881 [main] INFO  o.e.m2e.actions.ExecutePomAction - Using existing launch configuration
2019-05-17 00:36:33,014 [Worker-58] INFO  o.e.m.i.launch.MavenLaunchDelegate - C:\Users\it17039000\Documents\PAF\springBootREST
2019-05-17 00:36:33,014 [Worker-58] INFO  o.e.m.i.launch.MavenLaunchDelegate -  mvn -B clean install
2019-05-17 00:40:17,833 [Worker-52] INFO  o.e.m.c.i.embedder.EclipseLogger - Using 'UTF-8' encoding to copy filtered resources.
2019-05-17 00:40:17,834 [Worker-52] INFO  o.e.m.c.i.embedder.EclipseLogger - Copying 1 resource
2019-05-17 00:40:17,836 [Worker-52] INFO  o.e.m.c.i.embedder.EclipseLogger - Copying 0 resource
2019-05-17 00:40:17,839 [Worker-52] INFO  o.e.m.c.i.embedder.EclipseLogger - Using 'UTF-8' encoding to copy filtered resources.
2019-05-17 00:40:17,839 [Worker-52] INFO  o.e.m.c.i.embedder.EclipseLogger - skip non existing resourceDirectory C:\Users\it17039000\Documents\PAF\springBootREST\src\test\resources
2019-05-17 00:41:03,713 [main] INFO  o.e.m2e.actions.ExecutePomAction - Using existing launch configuration
2019-05-17 00:41:03,842 [Worker-60] INFO  o.e.m.i.launch.MavenLaunchDelegate - C:\Users\it17039000\Documents\PAF\springBootREST
2019-05-17 00:41:03,843 [Worker-60] INFO  o.e.m.i.launch.MavenLaunchDelegate -  mvn -B clean install
2019-05-17 00:41:51,479 [main] INFO  o.e.m2e.actions.ExecutePomAction - Using existing launch configuration
2019-05-17 00:41:51,616 [Worker-55] INFO  o.e.m.i.launch.MavenLaunchDelegate - C:\Users\it17039000\Documents\PAF\springBootREST
2019-05-17 00:41:51,616 [Worker-55] INFO  o.e.m.i.launch.MavenLaunchDelegate -  mvn -B clean install
2019-05-17 00:42:27,270 [main] INFO  o.e.m2e.actions.ExecutePomAction - Using existing launch configuration
2019-05-17 00:42:27,422 [Worker-59] INFO  o.e.m.i.launch.MavenLaunchDelegate - C:\Users\it17039000\Documents\PAF\springBootREST
2019-05-17 00:42:27,423 [Worker-59] INFO  o.e.m.i.launch.MavenLaunchDelegate -  mvn -B clean install
2019-05-17 00:43:32,143 [Worker-3] INFO  c.g.t.t.d.PublishedGradleVersions - Gradle version information cache is up-to-date. Trying to read.
2019-05-17 00:43:37,148 [Worker-11] INFO  o.e.m.c.i.embedder.EclipseLogger - Using 'UTF-8' encoding to copy filtered resources.
2019-05-17 00:43:37,156 [Worker-11] INFO  o.e.m.c.i.embedder.EclipseLogger - Copying 1 resource
2019-05-17 00:43:37,170 [Worker-11] INFO  o.e.m.c.i.embedder.EclipseLogger - Copying 0 resource
2019-05-17 00:43:37,174 [Worker-11] INFO  o.e.m.c.i.embedder.EclipseLogger - Using 'UTF-8' encoding to copy filtered resources.
2019-05-17 00:43:37,174 [Worker-11] INFO  o.e.m.c.i.embedder.EclipseLogger - skip non existing resourceDirectory C:\Users\it17039000\Documents\PAF\springBootREST\src\test\resources
2019-05-17 00:43:55,032 [main] INFO  o.e.m2e.actions.ExecutePomAction - Using existing launch configuration
2019-05-17 00:43:55,450 [Worker-1] INFO  o.e.m.i.launch.MavenLaunchDelegate - C:\Users\it17039000\Documents\PAF\springBootREST
2019-05-17 00:43:55,451 [Worker-1] INFO  o.e.m.i.launch.MavenLaunchDelegate -  mvn -B clean install
2019-05-17 00:44:33,055 [Worker-8] INFO  o.e.m.c.i.embedder.EclipseLogger - Using 'UTF-8' encoding to copy filtered resources.
2019-05-17 00:44:33,066 [Worker-8] INFO  o.e.m.c.i.embedder.EclipseLogger - Copying 1 resource
2019-05-17 00:44:33,072 [Worker-8] INFO  o.e.m.c.i.embedder.EclipseLogger - Copying 0 resource
2019-05-17 00:44:33,077 [Worker-8] INFO  o.e.m.c.i.embedder.EclipseLogger - Using 'UTF-8' encoding to copy filtered resources.
2019-05-17 00:44:33,078 [Worker-8] INFO  o.e.m.c.i.embedder.EclipseLogger - skip non existing resourceDirectory C:\Users\it17039000\Documents\PAF\springBootREST\src\test\resources
2019-05-17 00:44:39,570 [main] INFO  o.e.m2e.actions.ExecutePomAction - Using existing launch configuration
2019-05-17 00:44:39,739 [Worker-7] INFO  o.e.m.i.launch.MavenLaunchDelegate - C:\Users\it17039000\Documents\PAF\springBootREST
2019-05-17 00:44:39,740 [Worker-7] INFO  o.e.m.i.launch.MavenLaunchDelegate -  mvn -B clean install
2019-05-17 13:19:19,200 [Worker-0] INFO  c.g.t.t.d.PublishedGradleVersions - Gradle version information cache is up-to-date. Trying to read.
2019-05-17 13:19:40,751 [Worker-12] INFO  o.e.m.c.i.embedder.EclipseLogger - Using 'UTF-8' encoding to copy filtered resources.
2019-05-17 13:19:40,857 [Worker-12] INFO  o.e.m.c.i.embedder.EclipseLogger - Copying 1 resource
2019-05-17 13:19:40,903 [Worker-12] INFO  o.e.m.c.i.embedder.EclipseLogger - Copying 0 resource
2019-05-17 13:19:40,910 [Worker-12] INFO  o.e.m.c.i.embedder.EclipseLogger - Using 'UTF-8' encoding to copy filtered resources.
2019-05-17 13:19:40,910 [Worker-12] INFO  o.e.m.c.i.embedder.EclipseLogger - skip non existing resourceDirectory C:\Users\it17039000\Documents\PAF\springBootREST\src\test\resources
2019-05-17 13:19:57,794 [main] INFO  o.e.m2e.actions.ExecutePomAction - Using existing launch configuration
2019-05-17 13:19:58,676 [Worker-2] INFO  o.e.m.i.launch.MavenLaunchDelegate - C:\Users\it17039000\Documents\PAF\springBootREST
2019-05-17 13:19:58,678 [Worker-2] INFO  o.e.m.i.launch.MavenLaunchDelegate -  mvn -B clean install
2019-05-17 13:28:46,986 [Worker-6] INFO  o.e.m.c.i.p.ProjectConfigurationManager - Update started
2019-05-17 13:28:48,596 [Worker-6] INFO  o.e.m.c.i.l.LifecycleMappingFactory - Using org.maven.ide.eclipse.wtp.WarLifecycleMapping lifecycle mapping for MavenProject: com.emal:springBootREST:0.0.1-SNAPSHOT @ C:\Users\it17039000\Documents\PAF\springBootREST\pom.xml.
2019-05-17 13:28:51,721 [Worker-6] INFO  o.e.m.j.i.AbstractJavaProjectConfigurator - Adding source folder /springBootREST/src/main/java
2019-05-17 13:28:51,722 [Worker-6] INFO  o.e.m.j.i.AbstractJavaProjectConfigurator - Adding resource folder /springBootREST/src/main/resources
2019-05-17 13:28:51,730 [Worker-6] INFO  o.e.m.j.i.AbstractJavaProjectConfigurator - Adding resource folder /springBootREST/src/main/resources
2019-05-17 13:28:51,740 [Worker-6] INFO  o.e.m.j.i.AbstractJavaProjectConfigurator - Adding source folder /springBootREST/src/test/java
2019-05-17 13:28:57,238 [Worker-6] INFO  o.e.m.w.i.f.ResourceFilteringBuildParticipant - Cleaning filtered folder for springBootREST
2019-05-17 13:28:57,246 [Worker-6] INFO  o.e.m.c.i.p.ProjectConfigurationManager - Update completed: 10 sec
2019-05-17 13:28:58,064 [Worker-6] INFO  o.e.m.c.i.embedder.EclipseLogger - Using 'UTF-8' encoding to copy filtered resources.
2019-05-17 13:28:58,065 [Worker-6] INFO  o.e.m.c.i.embedder.EclipseLogger - Copying 1 resource
2019-05-17 13:28:58,090 [Worker-6] INFO  o.e.m.c.i.embedder.EclipseLogger - Copying 0 resource
2019-05-17 13:28:58,094 [Worker-6] INFO  o.e.m.c.i.embedder.EclipseLogger - Using 'UTF-8' encoding to copy filtered resources.
2019-05-17 13:28:58,095 [Worker-6] INFO  o.e.m.c.i.embedder.EclipseLogger - skip non existing resourceDirectory C:\Users\it17039000\Documents\PAF\springBootREST\src\test\resources
2019-05-17 13:28:58,095 [Worker-6] INFO  o.e.m.w.i.f.ResourceFilteringBuildParticipant - Changed resources require a complete clean of filtered resources of springBootREST
2019-05-17 13:28:58,097 [Worker-6] INFO  o.e.m.w.i.f.ResourceFilteringBuildParticipant - Executing resource filtering for springBootREST
2019-05-17 13:28:58,107 [Worker-6] INFO  o.e.m.c.i.embedder.EclipseLogger - Using 'UTF-8' encoding to copy filtered resources.
2019-05-17 13:28:59,018 [Worker-25] INFO  o.e.m.c.i.embedder.EclipseLogger - Using 'UTF-8' encoding to copy filtered resources.
2019-05-17 13:28:59,022 [Worker-25] INFO  o.e.m.c.i.embedder.EclipseLogger - Copying 0 resource
2019-05-17 13:28:59,023 [Worker-25] INFO  o.e.m.c.i.embedder.EclipseLogger - Copying 0 resource
2019-05-17 13:28:59,030 [Worker-25] INFO  o.e.m.c.i.embedder.EclipseLogger - Using 'UTF-8' encoding to copy filtered resources.
2019-05-17 13:28:59,031 [Worker-25] INFO  o.e.m.c.i.embedder.EclipseLogger - skip non existing resourceDirectory C:\Users\it17039000\Documents\PAF\springBootREST\src\test\resources
2019-05-17 13:30:11,411 [Worker-0] INFO  o.e.m.c.i.embedder.EclipseLogger - Using 'UTF-8' encoding to copy filtered resources.
2019-05-17 13:30:11,415 [Worker-0] INFO  o.e.m.c.i.embedder.EclipseLogger - Copying 1 resource
2019-05-17 13:30:11,419 [Worker-0] INFO  o.e.m.c.i.embedder.EclipseLogger - Copying 0 resource
2019-05-17 13:30:11,422 [Worker-0] INFO  o.e.m.c.i.embedder.EclipseLogger - Using 'UTF-8' encoding to copy filtered resources.
2019-05-17 13:30:11,423 [Worker-0] INFO  o.e.m.c.i.embedder.EclipseLogger - skip non existing resourceDirectory C:\Users\it17039000\Documents\PAF\springBootREST\src\test\resources
2019-05-17 13:33:35,291 [Worker-11] INFO  o.e.m.c.i.embedder.EclipseLogger - Using 'UTF-8' encoding to copy filtered resources.
2019-05-17 13:33:35,293 [Worker-11] INFO  o.e.m.c.i.embedder.EclipseLogger - Copying 1 resource
2019-05-17 13:33:35,295 [Worker-11] INFO  o.e.m.c.i.embedder.EclipseLogger - Copying 0 resource
2019-05-17 13:33:35,298 [Worker-11] INFO  o.e.m.c.i.embedder.EclipseLogger - Using 'UTF-8' encoding to copy filtered resources.
2019-05-17 13:33:35,298 [Worker-11] INFO  o.e.m.c.i.embedder.EclipseLogger - skip non existing resourceDirectory C:\Users\it17039000\Documents\PAF\springBootREST\src\test\resources
2019-05-17 13:33:50,889 [Worker-24] INFO  o.e.m.c.i.embedder.EclipseLogger - Using 'UTF-8' encoding to copy filtered resources.
2019-05-17 13:33:50,890 [Worker-24] INFO  o.e.m.c.i.embedder.EclipseLogger - Copying 1 resource
2019-05-17 13:33:50,892 [Worker-24] INFO  o.e.m.c.i.embedder.EclipseLogger - Copying 0 resource
2019-05-17 13:33:50,896 [Worker-24] INFO  o.e.m.c.i.embedder.EclipseLogger - Using 'UTF-8' encoding to copy filtered resources.
2019-05-17 13:33:50,896 [Worker-24] INFO  o.e.m.c.i.embedder.EclipseLogger - skip non existing resourceDirectory C:\Users\it17039000\Documents\PAF\springBootREST\src\test\resources
2019-05-17 13:37:38,475 [Worker-29] INFO  o.e.m.c.i.embedder.EclipseLogger - Using 'UTF-8' encoding to copy filtered resources.
2019-05-17 13:37:38,476 [Worker-29] INFO  o.e.m.c.i.embedder.EclipseLogger - Copying 1 resource
2019-05-17 13:37:38,478 [Worker-29] INFO  o.e.m.c.i.embedder.EclipseLogger - Copying 0 resource
2019-05-17 13:37:38,481 [Worker-29] INFO  o.e.m.c.i.embedder.EclipseLogger - Using 'UTF-8' encoding to copy filtered resources.
2019-05-17 13:37:38,481 [Worker-29] INFO  o.e.m.c.i.embedder.EclipseLogger - skip non existing resourceDirectory C:\Users\it17039000\Documents\PAF\springBootREST\src\test\resources
2019-05-17 13:38:35,431 [Worker-29] INFO  o.e.m.c.i.embedder.EclipseLogger - Using 'UTF-8' encoding to copy filtered resources.
2019-05-17 13:38:35,432 [Worker-29] INFO  o.e.m.c.i.embedder.EclipseLogger - Copying 1 resource
2019-05-17 13:38:35,434 [Worker-29] INFO  o.e.m.c.i.embedder.EclipseLogger - Copying 0 resource
2019-05-17 13:38:35,436 [Worker-29] INFO  o.e.m.c.i.embedder.EclipseLogger - Using 'UTF-8' encoding to copy filtered resources.
2019-05-17 13:38:35,437 [Worker-29] INFO  o.e.m.c.i.embedder.EclipseLogger - skip non existing resourceDirectory C:\Users\it17039000\Documents\PAF\springBootREST\src\test\resources
2019-05-17 13:39:06,056 [Worker-30] INFO  o.e.m.c.i.embedder.EclipseLogger - Using 'UTF-8' encoding to copy filtered resources.
2019-05-17 13:39:06,057 [Worker-30] INFO  o.e.m.c.i.embedder.EclipseLogger - Copying 1 resource
2019-05-17 13:39:06,061 [Worker-30] INFO  o.e.m.c.i.embedder.EclipseLogger - Copying 0 resource
2019-05-17 13:39:06,065 [Worker-30] INFO  o.e.m.c.i.embedder.EclipseLogger - Using 'UTF-8' encoding to copy filtered resources.
2019-05-17 13:39:06,066 [Worker-30] INFO  o.e.m.c.i.embedder.EclipseLogger - skip non existing resourceDirectory C:\Users\it17039000\Documents\PAF\springBootREST\src\test\resources
2019-05-17 13:39:57,965 [Worker-8] INFO  o.e.m.c.i.embedder.EclipseLogger - Using 'UTF-8' encoding to copy filtered resources.
2019-05-17 13:39:57,966 [Worker-8] INFO  o.e.m.c.i.embedder.EclipseLogger - Copying 1 resource
2019-05-17 13:39:57,968 [Worker-8] INFO  o.e.m.c.i.embedder.EclipseLogger - Copying 0 resource
2019-05-17 13:39:57,971 [Worker-8] INFO  o.e.m.c.i.embedder.EclipseLogger - Using 'UTF-8' encoding to copy filtered resources.
2019-05-17 13:39:57,971 [Worker-8] INFO  o.e.m.c.i.embedder.EclipseLogger - skip non existing resourceDirectory C:\Users\it17039000\Documents\PAF\springBootREST\src\test\resources
2019-05-17 15:11:23,298 [Worker-1] INFO  c.g.t.t.d.PublishedGradleVersions - Gradle version information cache is up-to-date. Trying to read.
2019-05-17 15:11:31,139 [Worker-8] INFO  o.e.m.c.i.embedder.EclipseLogger - Using 'UTF-8' encoding to copy filtered resources.
2019-05-17 15:11:31,253 [Worker-8] INFO  o.e.m.c.i.embedder.EclipseLogger - Copying 1 resource
2019-05-17 15:11:31,361 [Worker-8] INFO  o.e.m.c.i.embedder.EclipseLogger - Copying 0 resource
2019-05-17 15:11:31,365 [Worker-8] INFO  o.e.m.c.i.embedder.EclipseLogger - Using 'UTF-8' encoding to copy filtered resources.
2019-05-17 15:11:31,365 [Worker-8] INFO  o.e.m.c.i.embedder.EclipseLogger - skip non existing resourceDirectory C:\Users\it17039000\Documents\PAF\springBootREST\src\test\resources
2019-05-17 15:26:59,210 [Worker-19] INFO  o.e.m.c.i.embedder.EclipseLogger - Using 'UTF-8' encoding to copy filtered resources.
2019-05-17 15:26:59,233 [Worker-19] INFO  o.e.m.c.i.embedder.EclipseLogger - Copying 1 resource
2019-05-17 15:26:59,235 [Worker-19] INFO  o.e.m.c.i.embedder.EclipseLogger - Copying 0 resource
2019-05-17 15:26:59,238 [Worker-19] INFO  o.e.m.c.i.embedder.EclipseLogger - Using 'UTF-8' encoding to copy filtered resources.
2019-05-17 15:26:59,238 [Worker-19] INFO  o.e.m.c.i.embedder.EclipseLogger - skip non existing resourceDirectory C:\Users\it17039000\Documents\PAF\springBootREST\src\test\resources
2019-05-17 15:54:05,749 [Worker-1] INFO  c.g.t.t.d.PublishedGradleVersions - Gradle version information cache is out-of-date. Trying to update.
2019-05-17 15:55:07,641 [Worker-9] INFO  o.e.m.c.i.l.LifecycleMappingFactory - Using org.maven.ide.eclipse.wtp.WarLifecycleMapping lifecycle mapping for MavenProject: com.emal:springBootREST:0.0.1-SNAPSHOT @ H:\PAF\springBootREST\pom.xml.
2019-05-17 15:55:25,361 [Worker-9] INFO  o.e.m.c.i.embedder.EclipseLogger - Using 'UTF-8' encoding to copy filtered resources.
2019-05-17 15:55:25,370 [Worker-9] INFO  o.e.m.c.i.embedder.EclipseLogger - Copying 1 resource
2019-05-17 15:55:30,578 [Worker-9] INFO  o.e.m.c.i.embedder.EclipseLogger - Copying 0 resource
2019-05-17 15:55:30,586 [Worker-9] INFO  o.e.m.c.i.embedder.EclipseLogger - Using 'UTF-8' encoding to copy filtered resources.
2019-05-17 15:55:30,587 [Worker-9] INFO  o.e.m.c.i.embedder.EclipseLogger - skip non existing resourceDirectory H:\PAF\springBootREST\src\test\resources
2019-05-17 15:56:00,718 [Worker-7] INFO  o.e.m.c.i.embedder.EclipseLogger - Using 'UTF-8' encoding to copy filtered resources.
2019-05-17 15:56:00,722 [Worker-7] INFO  o.e.m.c.i.embedder.EclipseLogger - Copying 1 resource
2019-05-17 15:56:02,193 [Worker-7] INFO  o.e.m.c.i.embedder.EclipseLogger - Copying 0 resource
2019-05-17 15:56:02,199 [Worker-7] INFO  o.e.m.c.i.embedder.EclipseLogger - Using 'UTF-8' encoding to copy filtered resources.
2019-05-17 15:56:02,199 [Worker-7] INFO  o.e.m.c.i.embedder.EclipseLogger - skip non existing resourceDirectory H:\PAF\springBootREST\src\test\resources
2019-05-17 15:58:58,251 [main] INFO  o.e.m2e.actions.ExecutePomAction - Using existing launch configuration
2019-05-17 15:59:01,161 [Worker-14] INFO  o.e.m.i.launch.MavenLaunchDelegate - H:\PAF\springBootREST
2019-05-17 15:59:01,163 [Worker-14] INFO  o.e.m.i.launch.MavenLaunchDelegate -  mvn -B clean install
2019-05-17 16:06:24,355 [Worker-0] INFO  o.e.m.c.i.embedder.EclipseLogger - Using 'UTF-8' encoding to copy filtered resources.
2019-05-17 16:06:24,359 [Worker-0] INFO  o.e.m.c.i.embedder.EclipseLogger - Copying 1 resource
2019-05-17 16:06:24,396 [Worker-0] INFO  o.e.m.c.i.embedder.EclipseLogger - Copying 0 resource
2019-05-17 16:06:24,399 [Worker-0] INFO  o.e.m.c.i.embedder.EclipseLogger - Using 'UTF-8' encoding to copy filtered resources.
2019-05-17 16:06:24,399 [Worker-0] INFO  o.e.m.c.i.embedder.EclipseLogger - skip non existing resourceDirectory H:\PAF\springBootREST\src\test\resources
2019-05-17 16:06:25,443 [Worker-36] INFO  o.e.m.c.i.embedder.EclipseLogger - Using 'UTF-8' encoding to copy filtered resources.
2019-05-17 16:06:25,444 [Worker-36] INFO  o.e.m.c.i.embedder.EclipseLogger - Copying 0 resource
2019-05-17 16:06:25,445 [Worker-36] INFO  o.e.m.c.i.embedder.EclipseLogger - Copying 0 resource
2019-05-17 16:06:25,449 [Worker-36] INFO  o.e.m.c.i.embedder.EclipseLogger - Using 'UTF-8' encoding to copy filtered resources.
2019-05-17 16:06:25,458 [Worker-36] INFO  o.e.m.c.i.embedder.EclipseLogger - skip non existing resourceDirectory H:\PAF\springBootREST\src\test\resources
2019-05-17 16:06:57,072 [main] INFO  o.e.m2e.actions.ExecutePomAction - Using existing launch configuration
2019-05-17 16:06:57,199 [Worker-34] INFO  o.e.m.i.launch.MavenLaunchDelegate - H:\PAF\springBootREST
2019-05-17 16:06:57,203 [Worker-34] INFO  o.e.m.i.launch.MavenLaunchDelegate -  mvn -B clean install
2019-05-17 17:04:14,428 [Worker-45] INFO  o.e.m.c.i.embedder.EclipseLogger - Using 'UTF-8' encoding to copy filtered resources.
2019-05-17 17:04:14,430 [Worker-45] INFO  o.e.m.c.i.embedder.EclipseLogger - Copying 1 resource
2019-05-17 17:04:14,507 [Worker-45] INFO  o.e.m.c.i.embedder.EclipseLogger - Copying 0 resource
2019-05-17 17:04:14,528 [Worker-45] INFO  o.e.m.c.i.embedder.EclipseLogger - Using 'UTF-8' encoding to copy filtered resources.
2019-05-17 17:04:14,544 [Worker-45] INFO  o.e.m.c.i.embedder.EclipseLogger - skip non existing resourceDirectory H:\PAF\springBootREST\src\test\resources
2019-05-17 17:05:56,985 [Worker-53] INFO  o.e.m.c.i.embedder.EclipseLogger - Using 'UTF-8' encoding to copy filtered resources.
2019-05-17 17:05:56,990 [Worker-53] INFO  o.e.m.c.i.embedder.EclipseLogger - Copying 1 resource
2019-05-17 17:05:57,044 [Worker-53] INFO  o.e.m.c.i.embedder.EclipseLogger - Copying 0 resource
2019-05-17 17:05:57,057 [Worker-53] INFO  o.e.m.c.i.embedder.EclipseLogger - Using 'UTF-8' encoding to copy filtered resources.
2019-05-17 17:05:57,064 [Worker-53] INFO  o.e.m.c.i.embedder.EclipseLogger - skip non existing resourceDirectory H:\PAF\springBootREST\src\test\resources
2019-05-17 17:06:27,173 [Worker-54] INFO  o.e.m.c.i.embedder.EclipseLogger - Using 'UTF-8' encoding to copy filtered resources.
2019-05-17 17:06:27,174 [Worker-54] INFO  o.e.m.c.i.embedder.EclipseLogger - Copying 1 resource
2019-05-17 17:06:27,241 [Worker-54] INFO  o.e.m.c.i.embedder.EclipseLogger - Copying 0 resource
2019-05-17 17:06:27,252 [Worker-54] INFO  o.e.m.c.i.embedder.EclipseLogger - Using 'UTF-8' encoding to copy filtered resources.
2019-05-17 17:06:27,260 [Worker-54] INFO  o.e.m.c.i.embedder.EclipseLogger - skip non existing resourceDirectory H:\PAF\springBootREST\src\test\resources
2019-05-17 17:06:59,716 [Worker-55] INFO  o.e.m.c.i.embedder.EclipseLogger - Using 'UTF-8' encoding to copy filtered resources.
2019-05-17 17:06:59,727 [Worker-55] INFO  o.e.m.c.i.embedder.EclipseLogger - Copying 1 resource
2019-05-17 17:06:59,806 [Worker-55] INFO  o.e.m.c.i.embedder.EclipseLogger - Copying 0 resource
2019-05-17 17:06:59,810 [Worker-55] INFO  o.e.m.c.i.embedder.EclipseLogger - Using 'UTF-8' encoding to copy filtered resources.
2019-05-17 17:06:59,810 [Worker-55] INFO  o.e.m.c.i.embedder.EclipseLogger - skip non existing resourceDirectory H:\PAF\springBootREST\src\test\resources
2019-05-17 17:07:37,320 [Worker-48] INFO  o.e.m.c.i.embedder.EclipseLogger - Using 'UTF-8' encoding to copy filtered resources.
2019-05-17 17:07:37,322 [Worker-48] INFO  o.e.m.c.i.embedder.EclipseLogger - Copying 1 resource
2019-05-17 17:07:37,362 [Worker-48] INFO  o.e.m.c.i.embedder.EclipseLogger - Copying 0 resource
2019-05-17 17:07:37,378 [Worker-48] INFO  o.e.m.c.i.embedder.EclipseLogger - Using 'UTF-8' encoding to copy filtered resources.
2019-05-17 17:07:37,379 [Worker-48] INFO  o.e.m.c.i.embedder.EclipseLogger - skip non existing resourceDirectory H:\PAF\springBootREST\src\test\resources
2019-05-17 17:10:37,832 [Worker-53] INFO  o.e.m.c.i.embedder.EclipseLogger - Using 'UTF-8' encoding to copy filtered resources.
2019-05-17 17:10:37,833 [Worker-53] INFO  o.e.m.c.i.embedder.EclipseLogger - Copying 1 resource
2019-05-17 17:10:37,883 [Worker-53] INFO  o.e.m.c.i.embedder.EclipseLogger - Copying 0 resource
2019-05-17 17:10:37,896 [Worker-53] INFO  o.e.m.c.i.embedder.EclipseLogger - Using 'UTF-8' encoding to copy filtered resources.
2019-05-17 17:10:37,896 [Worker-53] INFO  o.e.m.c.i.embedder.EclipseLogger - skip non existing resourceDirectory H:\PAF\springBootREST\src\test\resources
2019-05-17 17:11:40,223 [Worker-53] INFO  o.e.m.c.i.embedder.EclipseLogger - Using 'UTF-8' encoding to copy filtered resources.
2019-05-17 17:11:40,224 [Worker-53] INFO  o.e.m.c.i.embedder.EclipseLogger - Copying 1 resource
2019-05-17 17:11:40,282 [Worker-53] INFO  o.e.m.c.i.embedder.EclipseLogger - Copying 0 resource
2019-05-17 17:11:40,293 [Worker-53] INFO  o.e.m.c.i.embedder.EclipseLogger - Using 'UTF-8' encoding to copy filtered resources.
2019-05-17 17:11:40,294 [Worker-53] INFO  o.e.m.c.i.embedder.EclipseLogger - skip non existing resourceDirectory H:\PAF\springBootREST\src\test\resources
2019-05-17 17:12:04,377 [Worker-56] INFO  o.e.m.c.i.embedder.EclipseLogger - Using 'UTF-8' encoding to copy filtered resources.
2019-05-17 17:12:04,384 [Worker-56] INFO  o.e.m.c.i.embedder.EclipseLogger - Copying 1 resource
2019-05-17 17:12:04,439 [Worker-56] INFO  o.e.m.c.i.embedder.EclipseLogger - Copying 0 resource
2019-05-17 17:12:04,440 [Worker-56] INFO  o.e.m.c.i.embedder.EclipseLogger - Using 'UTF-8' encoding to copy filtered resources.
2019-05-17 17:12:04,440 [Worker-56] INFO  o.e.m.c.i.embedder.EclipseLogger - skip non existing resourceDirectory H:\PAF\springBootREST\src\test\resources
2019-05-17 17:12:25,310 [Worker-58] INFO  o.e.m.c.i.embedder.EclipseLogger - Using 'UTF-8' encoding to copy filtered resources.
2019-05-17 17:12:25,310 [Worker-58] INFO  o.e.m.c.i.embedder.EclipseLogger - Copying 1 resource
2019-05-17 17:12:25,358 [Worker-58] INFO  o.e.m.c.i.embedder.EclipseLogger - Copying 0 resource
2019-05-17 17:12:25,360 [Worker-58] INFO  o.e.m.c.i.embedder.EclipseLogger - Using 'UTF-8' encoding to copy filtered resources.
2019-05-17 17:12:25,364 [Worker-58] INFO  o.e.m.c.i.embedder.EclipseLogger - skip non existing resourceDirectory H:\PAF\springBootREST\src\test\resources
2019-05-17 17:12:48,921 [Worker-53] INFO  o.e.m.c.i.embedder.EclipseLogger - Using 'UTF-8' encoding to copy filtered resources.
2019-05-17 17:12:48,928 [Worker-53] INFO  o.e.m.c.i.embedder.EclipseLogger - Copying 1 resource
2019-05-17 17:12:48,977 [Worker-53] INFO  o.e.m.c.i.embedder.EclipseLogger - Copying 0 resource
2019-05-17 17:12:48,992 [Worker-53] INFO  o.e.m.c.i.embedder.EclipseLogger - Using 'UTF-8' encoding to copy filtered resources.
2019-05-17 17:12:48,992 [Worker-53] INFO  o.e.m.c.i.embedder.EclipseLogger - skip non existing resourceDirectory H:\PAF\springBootREST\src\test\resources
2019-05-17 17:14:04,866 [Worker-58] INFO  o.e.m.c.i.embedder.EclipseLogger - Using 'UTF-8' encoding to copy filtered resources.
2019-05-17 17:14:04,866 [Worker-58] INFO  o.e.m.c.i.embedder.EclipseLogger - Copying 1 resource
2019-05-17 17:14:04,907 [Worker-58] INFO  o.e.m.c.i.embedder.EclipseLogger - Copying 0 resource
2019-05-17 17:14:04,924 [Worker-58] INFO  o.e.m.c.i.embedder.EclipseLogger - Using 'UTF-8' encoding to copy filtered resources.
2019-05-17 17:14:04,924 [Worker-58] INFO  o.e.m.c.i.embedder.EclipseLogger - skip non existing resourceDirectory H:\PAF\springBootREST\src\test\resources
2019-05-17 17:15:00,873 [Worker-48] INFO  o.e.m.c.i.embedder.EclipseLogger - Using 'UTF-8' encoding to copy filtered resources.
2019-05-17 17:15:00,890 [Worker-48] INFO  o.e.m.c.i.embedder.EclipseLogger - Copying 1 resource
2019-05-17 17:15:00,954 [Worker-48] INFO  o.e.m.c.i.embedder.EclipseLogger - Copying 0 resource
2019-05-17 17:15:00,982 [Worker-48] INFO  o.e.m.c.i.embedder.EclipseLogger - Using 'UTF-8' encoding to copy filtered resources.
2019-05-17 17:15:00,982 [Worker-48] INFO  o.e.m.c.i.embedder.EclipseLogger - skip non existing resourceDirectory H:\PAF\springBootREST\src\test\resources
2019-05-17 17:15:57,417 [Worker-55] INFO  o.e.m.c.i.embedder.EclipseLogger - Using 'UTF-8' encoding to copy filtered resources.
2019-05-17 17:15:57,418 [Worker-55] INFO  o.e.m.c.i.embedder.EclipseLogger - Copying 1 resource
2019-05-17 17:15:57,472 [Worker-55] INFO  o.e.m.c.i.embedder.EclipseLogger - Copying 0 resource
2019-05-17 17:15:57,479 [Worker-55] INFO  o.e.m.c.i.embedder.EclipseLogger - Using 'UTF-8' encoding to copy filtered resources.
2019-05-17 17:15:57,480 [Worker-55] INFO  o.e.m.c.i.embedder.EclipseLogger - skip non existing resourceDirectory H:\PAF\springBootREST\src\test\resources
2019-05-17 17:16:43,977 [Worker-61] INFO  o.e.m.c.i.embedder.EclipseLogger - Using 'UTF-8' encoding to copy filtered resources.
2019-05-17 17:16:43,977 [Worker-61] INFO  o.e.m.c.i.embedder.EclipseLogger - Copying 1 resource
2019-05-17 17:16:44,035 [Worker-61] INFO  o.e.m.c.i.embedder.EclipseLogger - Copying 0 resource
2019-05-17 17:16:44,052 [Worker-61] INFO  o.e.m.c.i.embedder.EclipseLogger - Using 'UTF-8' encoding to copy filtered resources.
2019-05-17 17:16:44,052 [Worker-61] INFO  o.e.m.c.i.embedder.EclipseLogger - skip non existing resourceDirectory H:\PAF\springBootREST\src\test\resources
2019-05-17 17:17:33,626 [Worker-56] INFO  o.e.m.c.i.embedder.EclipseLogger - Using 'UTF-8' encoding to copy filtered resources.
2019-05-17 17:17:33,629 [Worker-56] INFO  o.e.m.c.i.embedder.EclipseLogger - Copying 1 resource
2019-05-17 17:17:33,692 [Worker-56] INFO  o.e.m.c.i.embedder.EclipseLogger - Copying 0 resource
2019-05-17 17:17:33,714 [Worker-56] INFO  o.e.m.c.i.embedder.EclipseLogger - Using 'UTF-8' encoding to copy filtered resources.
2019-05-17 17:17:33,733 [Worker-56] INFO  o.e.m.c.i.embedder.EclipseLogger - skip non existing resourceDirectory H:\PAF\springBootREST\src\test\resources
2019-05-17 17:18:33,659 [Worker-53] INFO  o.e.m.c.i.embedder.EclipseLogger - Using 'UTF-8' encoding to copy filtered resources.
2019-05-17 17:18:33,665 [Worker-53] INFO  o.e.m.c.i.embedder.EclipseLogger - Copying 1 resource
2019-05-17 17:18:33,720 [Worker-53] INFO  o.e.m.c.i.embedder.EclipseLogger - Copying 0 resource
2019-05-17 17:18:33,729 [Worker-53] INFO  o.e.m.c.i.embedder.EclipseLogger - Using 'UTF-8' encoding to copy filtered resources.
2019-05-17 17:18:33,730 [Worker-53] INFO  o.e.m.c.i.embedder.EclipseLogger - skip non existing resourceDirectory H:\PAF\springBootREST\src\test\resources
2019-05-17 17:19:31,425 [Worker-53] INFO  o.e.m.c.i.embedder.EclipseLogger - Using 'UTF-8' encoding to copy filtered resources.
2019-05-17 17:19:31,425 [Worker-53] INFO  o.e.m.c.i.embedder.EclipseLogger - Copying 1 resource
2019-05-17 17:19:31,491 [Worker-53] INFO  o.e.m.c.i.embedder.EclipseLogger - Copying 0 resource
2019-05-17 17:19:31,510 [Worker-53] INFO  o.e.m.c.i.embedder.EclipseLogger - Using 'UTF-8' encoding to copy filtered resources.
2019-05-17 17:19:31,512 [Worker-53] INFO  o.e.m.c.i.embedder.EclipseLogger - skip non existing resourceDirectory H:\PAF\springBootREST\src\test\resources
2019-05-17 17:19:51,500 [Worker-55] INFO  o.e.m.c.i.embedder.EclipseLogger - Using 'UTF-8' encoding to copy filtered resources.
2019-05-17 17:19:51,509 [Worker-55] INFO  o.e.m.c.i.embedder.EclipseLogger - Copying 1 resource
2019-05-17 17:19:51,565 [Worker-55] INFO  o.e.m.c.i.embedder.EclipseLogger - Copying 0 resource
2019-05-17 17:19:51,574 [Worker-55] INFO  o.e.m.c.i.embedder.EclipseLogger - Using 'UTF-8' encoding to copy filtered resources.
2019-05-17 17:19:51,575 [Worker-55] INFO  o.e.m.c.i.embedder.EclipseLogger - skip non existing resourceDirectory H:\PAF\springBootREST\src\test\resources
2019-05-17 17:20:08,848 [Worker-48] INFO  o.e.m.c.i.embedder.EclipseLogger - Using 'UTF-8' encoding to copy filtered resources.
2019-05-17 17:20:08,852 [Worker-48] INFO  o.e.m.c.i.embedder.EclipseLogger - Copying 0 resource
2019-05-17 17:20:08,857 [Worker-48] INFO  o.e.m.c.i.embedder.EclipseLogger - Copying 0 resource
2019-05-17 17:20:08,869 [Worker-48] INFO  o.e.m.c.i.embedder.EclipseLogger - Using 'UTF-8' encoding to copy filtered resources.
2019-05-17 17:20:08,871 [Worker-48] INFO  o.e.m.c.i.embedder.EclipseLogger - skip non existing resourceDirectory H:\PAF\springBootREST\src\test\resources
2019-05-17 17:26:45,059 [Worker-48] ERROR o.e.m.c.i.p.r.ProjectRegistryManager - Could not read pom.xml
org.eclipse.core.runtime.CoreException: Could not read pom.xml
	at org.eclipse.m2e.core.internal.embedder.MavenImpl.readModel(MavenImpl.java:565) ~[org.eclipse.m2e.core_1.8.3.20180227-2137.jar:na]
	at org.eclipse.m2e.core.internal.embedder.MavenImpl.readModel(MavenImpl.java:574) ~[org.eclipse.m2e.core_1.8.3.20180227-2137.jar:na]
	at org.eclipse.m2e.core.internal.project.registry.ProjectRegistryManager.refreshPhase2(ProjectRegistryManager.java:542) [org.eclipse.m2e.core_1.8.3.20180227-2137.jar:na]
	at org.eclipse.m2e.core.internal.project.registry.ProjectRegistryManager.refresh(ProjectRegistryManager.java:498) [org.eclipse.m2e.core_1.8.3.20180227-2137.jar:na]
	at org.eclipse.m2e.core.internal.project.registry.ProjectRegistryManager.refresh(ProjectRegistryManager.java:351) [org.eclipse.m2e.core_1.8.3.20180227-2137.jar:na]
	at org.eclipse.m2e.core.internal.project.registry.ProjectRegistryManager.refresh(ProjectRegistryManager.java:298) [org.eclipse.m2e.core_1.8.3.20180227-2137.jar:na]
	at org.eclipse.m2e.core.internal.builder.MavenBuilder$BuildMethod.getProjectFacade(MavenBuilder.java:154) [org.eclipse.m2e.core_1.8.3.20180227-2137.jar:na]
	at org.eclipse.m2e.core.internal.builder.MavenBuilder$BuildMethod$1.call(MavenBuilder.java:89) [org.eclipse.m2e.core_1.8.3.20180227-2137.jar:na]
	at org.eclipse.m2e.core.internal.embedder.MavenExecutionContext.executeBare(MavenExecutionContext.java:177) [org.eclipse.m2e.core_1.8.3.20180227-2137.jar:na]
	at org.eclipse.m2e.core.internal.embedder.MavenExecutionContext.execute(MavenExecutionContext.java:151) [org.eclipse.m2e.core_1.8.3.20180227-2137.jar:na]
	at org.eclipse.m2e.core.internal.embedder.MavenExecutionContext.execute(MavenExecutionContext.java:99) [org.eclipse.m2e.core_1.8.3.20180227-2137.jar:na]
	at org.eclipse.m2e.core.internal.builder.MavenBuilder$BuildMethod.execute(MavenBuilder.java:86) [org.eclipse.m2e.core_1.8.3.20180227-2137.jar:na]
	at org.eclipse.m2e.core.internal.builder.MavenBuilder.build(MavenBuilder.java:200) [org.eclipse.m2e.core_1.8.3.20180227-2137.jar:na]
	at org.eclipse.core.internal.events.BuildManager$2.run(BuildManager.java:735) [org.eclipse.core.resources_3.12.0.v20170417-1558.jar:na]
	at org.eclipse.core.runtime.SafeRunner.run(SafeRunner.java:42) [org.eclipse.equinox.common_3.9.0.v20170207-1454.jar:na]
	at org.eclipse.core.internal.events.BuildManager.basicBuild(BuildManager.java:206) [org.eclipse.core.resources_3.12.0.v20170417-1558.jar:na]
	at org.eclipse.core.internal.events.BuildManager.basicBuild(BuildManager.java:246) [org.eclipse.core.resources_3.12.0.v20170417-1558.jar:na]
	at org.eclipse.core.internal.events.BuildManager$1.run(BuildManager.java:301) [org.eclipse.core.resources_3.12.0.v20170417-1558.jar:na]
	at org.eclipse.core.runtime.SafeRunner.run(SafeRunner.java:42) [org.eclipse.equinox.common_3.9.0.v20170207-1454.jar:na]
	at org.eclipse.core.internal.events.BuildManager.basicBuild(BuildManager.java:304) [org.eclipse.core.resources_3.12.0.v20170417-1558.jar:na]
	at org.eclipse.core.internal.events.BuildManager.basicBuildLoop(BuildManager.java:360) [org.eclipse.core.resources_3.12.0.v20170417-1558.jar:na]
	at org.eclipse.core.internal.events.BuildManager.build(BuildManager.java:383) [org.eclipse.core.resources_3.12.0.v20170417-1558.jar:na]
	at org.eclipse.core.internal.events.AutoBuildJob.doBuild(AutoBuildJob.java:142) [org.eclipse.core.resources_3.12.0.v20170417-1558.jar:na]
	at org.eclipse.core.internal.events.AutoBuildJob.run(AutoBuildJob.java:232) [org.eclipse.core.resources_3.12.0.v20170417-1558.jar:na]
	at org.eclipse.core.internal.jobs.Worker.run(Worker.java:56) [org.eclipse.core.jobs_3.9.3.v20180115-1757.jar:na]
Caused by: org.apache.maven.model.io.ModelParseException: Unrecognised tag: 'dependency' (position: START_TAG seen ...</parent>\r\n  \r\n    <dependency>... @17:17) 
	at org.apache.maven.model.io.DefaultModelReader.read(DefaultModelReader.java:122) ~[maven-model-builder-3.3.9.jar:3.3.9]
	at org.apache.maven.model.io.DefaultModelReader.read(DefaultModelReader.java:86) ~[maven-model-builder-3.3.9.jar:3.3.9]
	at org.eclipse.m2e.core.internal.embedder.MavenImpl.readModel(MavenImpl.java:563) ~[org.eclipse.m2e.core_1.8.3.20180227-2137.jar:na]
	... 24 common frames omitted
Caused by: org.codehaus.plexus.util.xml.pull.XmlPullParserException: Unrecognised tag: 'dependency' (position: START_TAG seen ...</parent>\r\n  \r\n    <dependency>... @17:17) 
	at org.apache.maven.model.io.xpp3.MavenXpp3Reader.checkUnknownElement(MavenXpp3Reader.java:178) ~[maven-model-3.3.9.jar:3.3.9]
	at org.apache.maven.model.io.xpp3.MavenXpp3Reader.parseModel(MavenXpp3Reader.java:2305) ~[maven-model-3.3.9.jar:3.3.9]
	at org.apache.maven.model.io.xpp3.MavenXpp3Reader.read(MavenXpp3Reader.java:3845) ~[maven-model-3.3.9.jar:3.3.9]
	at org.apache.maven.model.io.xpp3.MavenXpp3Reader.read(MavenXpp3Reader.java:595) ~[maven-model-3.3.9.jar:3.3.9]
	at org.apache.maven.model.io.DefaultModelReader.read(DefaultModelReader.java:117) ~[maven-model-builder-3.3.9.jar:3.3.9]
	... 26 common frames omitted
2019-05-17 17:27:11,613 [Worker-63] ERROR o.e.m.c.i.p.r.ProjectRegistryManager - Could not read pom.xml
org.eclipse.core.runtime.CoreException: Could not read pom.xml
	at org.eclipse.m2e.core.internal.embedder.MavenImpl.readModel(MavenImpl.java:565) ~[org.eclipse.m2e.core_1.8.3.20180227-2137.jar:na]
	at org.eclipse.m2e.core.internal.embedder.MavenImpl.readModel(MavenImpl.java:574) ~[org.eclipse.m2e.core_1.8.3.20180227-2137.jar:na]
	at org.eclipse.m2e.core.internal.project.registry.ProjectRegistryManager.refreshPhase2(ProjectRegistryManager.java:542) [org.eclipse.m2e.core_1.8.3.20180227-2137.jar:na]
	at org.eclipse.m2e.core.internal.project.registry.ProjectRegistryManager.refresh(ProjectRegistryManager.java:498) [org.eclipse.m2e.core_1.8.3.20180227-2137.jar:na]
	at org.eclipse.m2e.core.internal.project.registry.ProjectRegistryManager.refresh(ProjectRegistryManager.java:351) [org.eclipse.m2e.core_1.8.3.20180227-2137.jar:na]
	at org.eclipse.m2e.core.internal.project.registry.ProjectRegistryManager.refresh(ProjectRegistryManager.java:298) [org.eclipse.m2e.core_1.8.3.20180227-2137.jar:na]
	at org.eclipse.m2e.core.internal.builder.MavenBuilder$BuildMethod.getProjectFacade(MavenBuilder.java:154) [org.eclipse.m2e.core_1.8.3.20180227-2137.jar:na]
	at org.eclipse.m2e.core.internal.builder.MavenBuilder$BuildMethod$1.call(MavenBuilder.java:89) [org.eclipse.m2e.core_1.8.3.20180227-2137.jar:na]
	at org.eclipse.m2e.core.internal.embedder.MavenExecutionContext.executeBare(MavenExecutionContext.java:177) [org.eclipse.m2e.core_1.8.3.20180227-2137.jar:na]
	at org.eclipse.m2e.core.internal.embedder.MavenExecutionContext.execute(MavenExecutionContext.java:151) [org.eclipse.m2e.core_1.8.3.20180227-2137.jar:na]
	at org.eclipse.m2e.core.internal.embedder.MavenExecutionContext.execute(MavenExecutionContext.java:99) [org.eclipse.m2e.core_1.8.3.20180227-2137.jar:na]
	at org.eclipse.m2e.core.internal.builder.MavenBuilder$BuildMethod.execute(MavenBuilder.java:86) [org.eclipse.m2e.core_1.8.3.20180227-2137.jar:na]
	at org.eclipse.m2e.core.internal.builder.MavenBuilder.build(MavenBuilder.java:200) [org.eclipse.m2e.core_1.8.3.20180227-2137.jar:na]
	at org.eclipse.core.internal.events.BuildManager$2.run(BuildManager.java:735) [org.eclipse.core.resources_3.12.0.v20170417-1558.jar:na]
	at org.eclipse.core.runtime.SafeRunner.run(SafeRunner.java:42) [org.eclipse.equinox.common_3.9.0.v20170207-1454.jar:na]
	at org.eclipse.core.internal.events.BuildManager.basicBuild(BuildManager.java:206) [org.eclipse.core.resources_3.12.0.v20170417-1558.jar:na]
	at org.eclipse.core.internal.events.BuildManager.basicBuild(BuildManager.java:246) [org.eclipse.core.resources_3.12.0.v20170417-1558.jar:na]
	at org.eclipse.core.internal.events.BuildManager$1.run(BuildManager.java:301) [org.eclipse.core.resources_3.12.0.v20170417-1558.jar:na]
	at org.eclipse.core.runtime.SafeRunner.run(SafeRunner.java:42) [org.eclipse.equinox.common_3.9.0.v20170207-1454.jar:na]
	at org.eclipse.core.internal.events.BuildManager.basicBuild(BuildManager.java:304) [org.eclipse.core.resources_3.12.0.v20170417-1558.jar:na]
	at org.eclipse.core.internal.events.BuildManager.basicBuildLoop(BuildManager.java:360) [org.eclipse.core.resources_3.12.0.v20170417-1558.jar:na]
	at org.eclipse.core.internal.events.BuildManager.build(BuildManager.java:383) [org.eclipse.core.resources_3.12.0.v20170417-1558.jar:na]
	at org.eclipse.core.internal.events.AutoBuildJob.doBuild(AutoBuildJob.java:142) [org.eclipse.core.resources_3.12.0.v20170417-1558.jar:na]
	at org.eclipse.core.internal.events.AutoBuildJob.run(AutoBuildJob.java:232) [org.eclipse.core.resources_3.12.0.v20170417-1558.jar:na]
	at org.eclipse.core.internal.jobs.Worker.run(Worker.java:56) [org.eclipse.core.jobs_3.9.3.v20180115-1757.jar:na]
Caused by: org.apache.maven.model.io.ModelParseException: Unrecognised tag: 'dependency' (position: START_TAG seen ...</parent>\r\n  \r\n    <dependency>... @17:17) 
	at org.apache.maven.model.io.DefaultModelReader.read(DefaultModelReader.java:122) ~[maven-model-builder-3.3.9.jar:3.3.9]
	at org.apache.maven.model.io.DefaultModelReader.read(DefaultModelReader.java:86) ~[maven-model-builder-3.3.9.jar:3.3.9]
	at org.eclipse.m2e.core.internal.embedder.MavenImpl.readModel(MavenImpl.java:563) ~[org.eclipse.m2e.core_1.8.3.20180227-2137.jar:na]
	... 24 common frames omitted
Caused by: org.codehaus.plexus.util.xml.pull.XmlPullParserException: Unrecognised tag: 'dependency' (position: START_TAG seen ...</parent>\r\n  \r\n    <dependency>... @17:17) 
	at org.apache.maven.model.io.xpp3.MavenXpp3Reader.checkUnknownElement(MavenXpp3Reader.java:178) ~[maven-model-3.3.9.jar:3.3.9]
	at org.apache.maven.model.io.xpp3.MavenXpp3Reader.parseModel(MavenXpp3Reader.java:2305) ~[maven-model-3.3.9.jar:3.3.9]
	at org.apache.maven.model.io.xpp3.MavenXpp3Reader.read(MavenXpp3Reader.java:3845) ~[maven-model-3.3.9.jar:3.3.9]
	at org.apache.maven.model.io.xpp3.MavenXpp3Reader.read(MavenXpp3Reader.java:595) ~[maven-model-3.3.9.jar:3.3.9]
	at org.apache.maven.model.io.DefaultModelReader.read(DefaultModelReader.java:117) ~[maven-model-builder-3.3.9.jar:3.3.9]
	... 26 common frames omitted
2019-05-17 17:35:03,482 [Worker-59] INFO  o.e.m.c.i.l.LifecycleMappingFactory - Using org.maven.ide.eclipse.wtp.WarLifecycleMapping lifecycle mapping for MavenProject: com.emal:springBootREST:0.0.1-SNAPSHOT @ H:\PAF\springBootREST\pom.xml.
2019-05-17 17:35:08,509 [Worker-59] INFO  o.e.m.c.i.embedder.EclipseLogger - Using 'UTF-8' encoding to copy filtered resources.
2019-05-17 17:35:08,526 [Worker-59] INFO  o.e.m.c.i.embedder.EclipseLogger - Copying 0 resource
2019-05-17 17:35:08,540 [Worker-59] INFO  o.e.m.c.i.embedder.EclipseLogger - Copying 0 resource
2019-05-17 17:35:08,542 [Worker-59] INFO  o.e.m.c.i.embedder.EclipseLogger - Using 'UTF-8' encoding to copy filtered resources.
2019-05-17 17:35:08,550 [Worker-59] INFO  o.e.m.c.i.embedder.EclipseLogger - skip non existing resourceDirectory H:\PAF\springBootREST\src\test\resources
2019-05-17 17:35:08,550 [Worker-59] INFO  o.e.m.w.i.f.ResourceFilteringBuildParticipant - Changed resources require a complete clean of filtered resources of springBootREST
2019-05-17 17:35:08,559 [Worker-59] INFO  o.e.m.w.i.f.ResourceFilteringBuildParticipant - Executing resource filtering for springBootREST
2019-05-17 17:35:08,566 [Worker-59] INFO  o.e.m.c.i.embedder.EclipseLogger - Using 'UTF-8' encoding to copy filtered resources.
2019-05-17 17:35:35,923 [Worker-59] INFO  o.e.m.c.i.embedder.EclipseLogger - Using 'UTF-8' encoding to copy filtered resources.
2019-05-17 17:35:35,970 [Worker-59] INFO  o.e.m.c.i.embedder.EclipseLogger - Copying 1 resource
2019-05-17 17:35:36,118 [Worker-59] INFO  o.e.m.c.i.embedder.EclipseLogger - Copying 0 resource
2019-05-17 17:35:36,118 [Worker-59] INFO  o.e.m.c.i.embedder.EclipseLogger - Using 'UTF-8' encoding to copy filtered resources.
2019-05-17 17:35:36,134 [Worker-59] INFO  o.e.m.c.i.embedder.EclipseLogger - skip non existing resourceDirectory H:\PAF\springBootREST\src\test\resources
2019-05-17 17:36:29,899 [main] INFO  o.e.m2e.actions.ExecutePomAction - Using existing launch configuration
2019-05-17 17:36:32,847 [Worker-59] INFO  o.e.m.i.launch.MavenLaunchDelegate - H:\PAF\springBootREST
2019-05-17 17:36:32,863 [Worker-59] INFO  o.e.m.i.launch.MavenLaunchDelegate -  mvn -B clean install
2019-05-17 18:34:21,087 [Worker-75] INFO  o.e.m.c.i.embedder.EclipseLogger - Using 'UTF-8' encoding to copy filtered resources.
2019-05-17 18:34:21,089 [Worker-75] INFO  o.e.m.c.i.embedder.EclipseLogger - Copying 1 resource
2019-05-17 18:34:22,417 [Worker-75] INFO  o.e.m.c.i.embedder.EclipseLogger - Copying 0 resource
2019-05-17 18:34:22,424 [Worker-75] INFO  o.e.m.c.i.embedder.EclipseLogger - Using 'UTF-8' encoding to copy filtered resources.
2019-05-17 18:34:22,432 [Worker-75] INFO  o.e.m.c.i.embedder.EclipseLogger - skip non existing resourceDirectory H:\PAF\springBootREST\src\test\resources
2019-05-17 18:43:55,219 [Worker-79] INFO  o.e.m.c.i.embedder.EclipseLogger - Using 'UTF-8' encoding to copy filtered resources.
2019-05-17 18:43:55,224 [Worker-79] INFO  o.e.m.c.i.embedder.EclipseLogger - Copying 1 resource
2019-05-17 18:43:57,872 [Worker-79] INFO  o.e.m.c.i.embedder.EclipseLogger - Copying 0 resource
2019-05-17 18:43:57,883 [Worker-79] INFO  o.e.m.c.i.embedder.EclipseLogger - Using 'UTF-8' encoding to copy filtered resources.
2019-05-17 18:43:57,888 [Worker-79] INFO  o.e.m.c.i.embedder.EclipseLogger - skip non existing resourceDirectory H:\PAF\springBootREST\src\test\resources
